[2023-10-29 11:40:22,798][root][INFO] - name: null
wandb: false
project: skillhack
entity: your_entity_name
group: default
state_dict_path: none
foc_options_path: none
foc_options_config_path: none
teacher_path: none
teacher_config_path: none
ks_max_lambda: 10
ks_max_time: 20000000.0
ks_min_lambda_prop: 0.1
train_with_all_skills: false
penalty_per_step: 0.01
hks_max_uniform_weight: 1000
hks_min_uniform_prop: 0.05
hks_max_uniform_time: 20000000.0
tasks_json: tasks
mock: false
single_ttyrec: true
num_seeds: 0
write_profiler_trace: false
relative_reward: false
fn_penalty_step: constant
penalty_time: 0.0
penalty_step: -0.001
reward_lose: 0
reward_win: 1
character: null
save_tty: false
mode: train
env: mini_skill_fight
obs_keys: glyphs,chars,colors,specials,blstats,message
num_actors: 256
total_steps: 10000.0
batch_size: 32
unroll_length: 80
num_learner_threads: 1
num_inference_threads: 1
disable_cuda: false
learner_device: cuda:0
actor_device: cuda:0
max_learner_queue_size: null
model: baseline
use_lstm: false
hidden_dim: 256
embedding_dim: 64
glyph_type: all_cat
equalize_input_dim: false
equalize_factor: 2
layers: 5
crop_model: cnn
crop_dim: 9
use_index_select: true
entropy_cost: 0.001
baseline_cost: 0.5
discounting: 0.999
reward_clipping: none
normalize_reward: true
learning_rate: 0.0002
grad_norm_clipping: 40
alpha: 0.99
momentum: 0
epsilon: 1.0e-06
state_counter: none
no_extrinsic: false
int:
  twoheaded: true
  input: full
  intrinsic_weight: 0.1
  discounting: 0.99
  baseline_cost: 0.5
  episodic: true
  reward_clipping: none
  normalize_reward: true
ride:
  count_norm: true
  forward_cost: 1
  inverse_cost: 0.1
  hidden_dim: 128
rnd:
  forward_cost: 0.01
msg:
  model: none
  hidden_dim: 64
  embedding_dim: 32

[2023-10-29 11:40:22,814][root][INFO] - Symlinked log directory: /workspace/latest
[2023-10-29 11:40:22,814][root][INFO] - Creating archive directory: /workspace/outputs/2023-10-29/11-40-22/archives
[2023-10-29 11:40:22,818][root][INFO] - Logging results to /workspace/outputs/2023-10-29/11-40-22
[2023-10-29 11:40:22,860][palaas/out][INFO] - Found log directory: /workspace/outputs/2023-10-29/11-40-22
[2023-10-29 11:40:22,860][palaas/out][INFO] - Saving arguments to /workspace/outputs/2023-10-29/11-40-22/meta.json
[2023-10-29 11:40:22,861][palaas/out][INFO] - Saving messages to /workspace/outputs/2023-10-29/11-40-22/out.log
[2023-10-29 11:40:22,861][palaas/out][INFO] - Saving logs data to /workspace/outputs/2023-10-29/11-40-22/logs.csv
[2023-10-29 11:40:22,861][palaas/out][INFO] - Saving logs' fields to /workspace/outputs/2023-10-29/11-40-22/fields.csv
[2023-10-29 11:40:22,862][root][INFO] - Not using CUDA.
[2023-10-29 11:40:22,868][root][INFO] - Using model baseline
[2023-10-29 11:40:22,869][nle.env.base][INFO] - Not saving any NLE data.
[2023-10-29 11:40:22,918][root][INFO] - Number of model parameters: 3721808
[2023-10-29 11:40:22,919][nle.env.base][INFO] - Not saving any NLE data.
[2023-10-29 11:40:23,279][nle.env.base][INFO] - Not saving any NLE data.
[2023-10-29 11:40:23,279][nle.env.base][INFO] - Not saving any NLE data.
[2023-10-29 11:40:23,288][nle.env.base][INFO] - Not saving any NLE data.
[2023-10-29 11:40:23,287][nle.env.base][INFO] - Not saving any NLE data.
[2023-10-29 11:40:23,288][nle.env.base][INFO] - Not saving any NLE data.
[2023-10-29 11:40:23,289][nle.env.base][INFO] - Not saving any NLE data.
[2023-10-29 11:40:23,289][nle.env.base][INFO] - Not saving any NLE data.
[2023-10-29 11:40:23,288][nle.env.base][INFO] - Not saving any NLE data.
[2023-10-29 11:40:23,290][nle.env.base][INFO] - Not saving any NLE data.
[2023-10-29 11:40:23,293][nle.env.base][INFO] - Not saving any NLE data.
[2023-10-29 11:40:23,290][nle.env.base][INFO] - Not saving any NLE data.
[2023-10-29 11:40:23,300][nle.env.base][INFO] - Not saving any NLE data.
[2023-10-29 11:40:23,300][nle.env.base][INFO] - Not saving any NLE data.
[2023-10-29 11:40:23,300][nle.env.base][INFO] - Not saving any NLE data.
[2023-10-29 11:40:23,300][nle.env.base][INFO] - Not saving any NLE data.
[2023-10-29 11:40:23,301][nle.env.base][INFO] - Not saving any NLE data.
[2023-10-29 11:40:23,313][nle.env.base][INFO] - Not saving any NLE data.
[2023-10-29 11:40:23,313][nle.env.base][INFO] - Not saving any NLE data.
[2023-10-29 11:40:23,317][nle.env.base][INFO] - Not saving any NLE data.
[2023-10-29 11:40:23,318][nle.env.base][INFO] - Not saving any NLE data.
[2023-10-29 11:40:23,326][nle.env.base][INFO] - Not saving any NLE data.
[2023-10-29 11:40:23,328][nle.env.base][INFO] - Not saving any NLE data.
[2023-10-29 11:40:23,334][nle.env.base][INFO] - Not saving any NLE data.
[2023-10-29 11:40:23,337][nle.env.base][INFO] - Not saving any NLE data.
[2023-10-29 11:40:23,337][nle.env.base][INFO] - Not saving any NLE data.
[2023-10-29 11:40:23,337][nle.env.base][INFO] - Not saving any NLE data.
[2023-10-29 11:40:23,343][nle.env.base][INFO] - Not saving any NLE data.
[2023-10-29 11:40:23,343][nle.env.base][INFO] - Not saving any NLE data.
[2023-10-29 11:40:23,343][nle.env.base][INFO] - Not saving any NLE data.
[2023-10-29 11:40:23,350][nle.env.base][INFO] - Not saving any NLE data.
[2023-10-29 11:40:23,350][nle.env.base][INFO] - Not saving any NLE data.
[2023-10-29 11:40:23,350][nle.env.base][INFO] - Not saving any NLE data.
[2023-10-29 11:40:23,353][nle.env.base][INFO] - Not saving any NLE data.
[2023-10-29 11:40:23,353][nle.env.base][INFO] - Not saving any NLE data.
[2023-10-29 11:40:23,341][nle.env.base][INFO] - Not saving any NLE data.
[2023-10-29 11:40:23,357][nle.env.base][INFO] - Not saving any NLE data.
[2023-10-29 11:40:23,357][nle.env.base][INFO] - Not saving any NLE data.
[2023-10-29 11:40:23,362][nle.env.base][INFO] - Not saving any NLE data.
[2023-10-29 11:40:23,365][nle.env.base][INFO] - Not saving any NLE data.
[2023-10-29 11:40:23,365][nle.env.base][INFO] - Not saving any NLE data.
[2023-10-29 11:40:23,369][nle.env.base][INFO] - Not saving any NLE data.
[2023-10-29 11:40:23,370][nle.env.base][INFO] - Not saving any NLE data.
[2023-10-29 11:40:23,394][nle.env.base][INFO] - Not saving any NLE data.
[2023-10-29 11:40:23,411][nle.env.base][INFO] - Not saving any NLE data.
[2023-10-29 11:40:23,416][nle.env.base][INFO] - Not saving any NLE data.
[2023-10-29 11:40:23,417][nle.env.base][INFO] - Not saving any NLE data.
[2023-10-29 11:40:23,417][nle.env.base][INFO] - Not saving any NLE data.
[2023-10-29 11:40:23,418][nle.env.base][INFO] - Not saving any NLE data.
[2023-10-29 11:40:23,419][nle.env.base][INFO] - Not saving any NLE data.
[2023-10-29 11:40:23,422][nle.env.base][INFO] - Not saving any NLE data.
[2023-10-29 11:40:23,425][nle.env.base][INFO] - Not saving any NLE data.
[2023-10-29 11:40:23,426][nle.env.base][INFO] - Not saving any NLE data.
[2023-10-29 11:40:23,429][nle.env.base][INFO] - Not saving any NLE data.
[2023-10-29 11:40:23,429][nle.env.base][INFO] - Not saving any NLE data.
[2023-10-29 11:40:23,429][nle.env.base][INFO] - Not saving any NLE data.
[2023-10-29 11:40:23,433][nle.env.base][INFO] - Not saving any NLE data.
[2023-10-29 11:40:23,433][nle.env.base][INFO] - Not saving any NLE data.
[2023-10-29 11:40:23,435][nle.env.base][INFO] - Not saving any NLE data.
[2023-10-29 11:40:23,441][nle.env.base][INFO] - Not saving any NLE data.
[2023-10-29 11:40:23,445][nle.env.base][INFO] - Not saving any NLE data.
[2023-10-29 11:40:23,449][nle.env.base][INFO] - Not saving any NLE data.
[2023-10-29 11:40:23,453][nle.env.base][INFO] - Not saving any NLE data.
[2023-10-29 11:40:23,453][nle.env.base][INFO] - Not saving any NLE data.
[2023-10-29 11:40:23,456][nle.env.base][INFO] - Not saving any NLE data.
[2023-10-29 11:40:23,456][nle.env.base][INFO] - Not saving any NLE data.
[2023-10-29 11:40:23,460][nle.env.base][INFO] - Not saving any NLE data.
[2023-10-29 11:40:23,476][nle.env.base][INFO] - Not saving any NLE data.
[2023-10-29 11:40:23,491][nle.env.base][INFO] - Not saving any NLE data.
[2023-10-29 11:40:23,506][nle.env.base][INFO] - Not saving any NLE data.
[2023-10-29 11:40:23,513][nle.env.base][INFO] - Not saving any NLE data.
[2023-10-29 11:40:23,517][nle.env.base][INFO] - Not saving any NLE data.
[2023-10-29 11:40:23,557][nle.env.base][INFO] - Not saving any NLE data.
[2023-10-29 11:40:23,605][nle.env.base][INFO] - Not saving any NLE data.
[2023-10-29 11:40:23,605][nle.env.base][INFO] - Not saving any NLE data.
[2023-10-29 11:40:23,605][nle.env.base][INFO] - Not saving any NLE data.
[2023-10-29 11:40:23,605][nle.env.base][INFO] - Not saving any NLE data.
[2023-10-29 11:40:23,611][nle.env.base][INFO] - Not saving any NLE data.
[2023-10-29 11:40:23,613][nle.env.base][INFO] - Not saving any NLE data.
[2023-10-29 11:40:23,615][nle.env.base][INFO] - Not saving any NLE data.
[2023-10-29 11:40:23,621][nle.env.base][INFO] - Not saving any NLE data.
[2023-10-29 11:40:23,625][nle.env.base][INFO] - Not saving any NLE data.
[2023-10-29 11:40:23,625][nle.env.base][INFO] - Not saving any NLE data.
[2023-10-29 11:40:23,628][nle.env.base][INFO] - Not saving any NLE data.
[2023-10-29 11:40:23,825][root][INFO] - Saving checkpoint to /workspace/outputs/2023-10-29/11-40-22/mini_skill_fight.tar
[2023-10-29 11:40:24,491][nle.env.base][INFO] - Not saving any NLE data.
[2023-10-29 11:40:24,492][nle.env.base][INFO] - Not saving any NLE data.
[2023-10-29 11:40:24,493][nle.env.base][INFO] - Not saving any NLE data.
[2023-10-29 11:40:24,501][nle.env.base][INFO] - Not saving any NLE data.
[2023-10-29 11:40:24,507][nle.env.base][INFO] - Not saving any NLE data.
[2023-10-29 11:40:24,507][nle.env.base][INFO] - Not saving any NLE data.
[2023-10-29 11:40:24,516][nle.env.base][INFO] - Not saving any NLE data.
[2023-10-29 11:40:24,513][nle.env.base][INFO] - Not saving any NLE data.
[2023-10-29 11:40:24,523][nle.env.base][INFO] - Not saving any NLE data.
[2023-10-29 11:40:24,526][nle.env.base][INFO] - Not saving any NLE data.
[2023-10-29 11:40:24,532][nle.env.base][INFO] - Not saving any NLE data.
[2023-10-29 11:40:24,533][nle.env.base][INFO] - Not saving any NLE data.
[2023-10-29 11:40:24,535][nle.env.base][INFO] - Not saving any NLE data.
[2023-10-29 11:40:24,549][nle.env.base][INFO] - Not saving any NLE data.
[2023-10-29 11:40:24,553][nle.env.base][INFO] - Not saving any NLE data.
