[2023-10-29 11:41:22,398][root][INFO] - name: null
wandb: false
project: skillhack
entity: your_entity_name
group: default
state_dict_path: none
foc_options_path: none
foc_options_config_path: none
teacher_path: none
teacher_config_path: none
ks_max_lambda: 10
ks_max_time: 20000000.0
ks_min_lambda_prop: 0.1
train_with_all_skills: false
penalty_per_step: 0.01
hks_max_uniform_weight: 1000
hks_min_uniform_prop: 0.05
hks_max_uniform_time: 20000000.0
tasks_json: tasks
mock: false
single_ttyrec: true
num_seeds: 0
write_profiler_trace: false
relative_reward: false
fn_penalty_step: constant
penalty_time: 0.0
penalty_step: -0.001
reward_lose: 0
reward_win: 1
character: null
save_tty: false
mode: train
env: mini_skill_fight
obs_keys: glyphs,chars,colors,specials,blstats,message
num_actors: 256
total_steps: 1000.0
batch_size: 32
unroll_length: 80
num_learner_threads: 1
num_inference_threads: 1
disable_cuda: false
learner_device: cuda:0
actor_device: cuda:0
max_learner_queue_size: null
model: baseline
use_lstm: false
hidden_dim: 256
embedding_dim: 64
glyph_type: all_cat
equalize_input_dim: false
equalize_factor: 2
layers: 5
crop_model: cnn
crop_dim: 9
use_index_select: true
entropy_cost: 0.001
baseline_cost: 0.5
discounting: 0.999
reward_clipping: none
normalize_reward: true
learning_rate: 0.0002
grad_norm_clipping: 40
alpha: 0.99
momentum: 0
epsilon: 1.0e-06
state_counter: none
no_extrinsic: false
int:
  twoheaded: true
  input: full
  intrinsic_weight: 0.1
  discounting: 0.99
  baseline_cost: 0.5
  episodic: true
  reward_clipping: none
  normalize_reward: true
ride:
  count_norm: true
  forward_cost: 1
  inverse_cost: 0.1
  hidden_dim: 128
rnd:
  forward_cost: 0.01
msg:
  model: none
  hidden_dim: 64
  embedding_dim: 32

[2023-10-29 11:41:22,414][root][INFO] - Symlinked log directory: /workspace/latest
[2023-10-29 11:41:22,415][root][INFO] - Creating archive directory: /workspace/outputs/2023-10-29/11-41-22/archives
[2023-10-29 11:41:22,419][root][INFO] - Logging results to /workspace/outputs/2023-10-29/11-41-22
[2023-10-29 11:41:22,459][palaas/out][INFO] - Found log directory: /workspace/outputs/2023-10-29/11-41-22
[2023-10-29 11:41:22,460][palaas/out][INFO] - Saving arguments to /workspace/outputs/2023-10-29/11-41-22/meta.json
[2023-10-29 11:41:22,460][palaas/out][INFO] - Saving messages to /workspace/outputs/2023-10-29/11-41-22/out.log
[2023-10-29 11:41:22,460][palaas/out][INFO] - Saving logs data to /workspace/outputs/2023-10-29/11-41-22/logs.csv
[2023-10-29 11:41:22,461][palaas/out][INFO] - Saving logs' fields to /workspace/outputs/2023-10-29/11-41-22/fields.csv
[2023-10-29 11:41:22,461][root][INFO] - Not using CUDA.
[2023-10-29 11:41:22,467][root][INFO] - Using model baseline
[2023-10-29 11:41:22,468][nle.env.base][INFO] - Not saving any NLE data.
[2023-10-29 11:41:22,526][root][INFO] - Number of model parameters: 3721808
[2023-10-29 11:41:22,526][nle.env.base][INFO] - Not saving any NLE data.
[2023-10-29 11:41:22,902][nle.env.base][INFO] - Not saving any NLE data.
[2023-10-29 11:41:22,902][nle.env.base][INFO] - Not saving any NLE data.
[2023-10-29 11:41:22,902][nle.env.base][INFO] - Not saving any NLE data.
[2023-10-29 11:41:22,903][nle.env.base][INFO] - Not saving any NLE data.
[2023-10-29 11:41:22,903][nle.env.base][INFO] - Not saving any NLE data.
[2023-10-29 11:41:22,904][nle.env.base][INFO] - Not saving any NLE data.
[2023-10-29 11:41:22,904][nle.env.base][INFO] - Not saving any NLE data.
[2023-10-29 11:41:22,905][nle.env.base][INFO] - Not saving any NLE data.
[2023-10-29 11:41:22,909][nle.env.base][INFO] - Not saving any NLE data.
[2023-10-29 11:41:22,916][nle.env.base][INFO] - Not saving any NLE data.
[2023-10-29 11:41:22,917][nle.env.base][INFO] - Not saving any NLE data.
[2023-10-29 11:41:22,918][nle.env.base][INFO] - Not saving any NLE data.
[2023-10-29 11:41:22,919][nle.env.base][INFO] - Not saving any NLE data.
[2023-10-29 11:41:22,921][nle.env.base][INFO] - Not saving any NLE data.
[2023-10-29 11:41:22,927][nle.env.base][INFO] - Not saving any NLE data.
[2023-10-29 11:41:22,927][nle.env.base][INFO] - Not saving any NLE data.
[2023-10-29 11:41:22,927][nle.env.base][INFO] - Not saving any NLE data.
[2023-10-29 11:41:22,927][nle.env.base][INFO] - Not saving any NLE data.
[2023-10-29 11:41:22,932][nle.env.base][INFO] - Not saving any NLE data.
[2023-10-29 11:41:22,933][nle.env.base][INFO] - Not saving any NLE data.
[2023-10-29 11:41:22,933][nle.env.base][INFO] - Not saving any NLE data.
[2023-10-29 11:41:22,933][nle.env.base][INFO] - Not saving any NLE data.
[2023-10-29 11:41:22,935][nle.env.base][INFO] - Not saving any NLE data.
[2023-10-29 11:41:22,927][nle.env.base][INFO] - Not saving any NLE data.
[2023-10-29 11:41:22,937][nle.env.base][INFO] - Not saving any NLE data.
[2023-10-29 11:41:22,937][nle.env.base][INFO] - Not saving any NLE data.
[2023-10-29 11:41:22,927][nle.env.base][INFO] - Not saving any NLE data.
[2023-10-29 11:41:22,929][nle.env.base][INFO] - Not saving any NLE data.
[2023-10-29 11:41:22,946][nle.env.base][INFO] - Not saving any NLE data.
[2023-10-29 11:41:22,950][nle.env.base][INFO] - Not saving any NLE data.
[2023-10-29 11:41:22,961][nle.env.base][INFO] - Not saving any NLE data.
[2023-10-29 11:41:22,965][nle.env.base][INFO] - Not saving any NLE data.
[2023-10-29 11:41:22,965][nle.env.base][INFO] - Not saving any NLE data.
[2023-10-29 11:41:22,965][nle.env.base][INFO] - Not saving any NLE data.
[2023-10-29 11:41:22,965][nle.env.base][INFO] - Not saving any NLE data.
[2023-10-29 11:41:22,965][nle.env.base][INFO] - Not saving any NLE data.
[2023-10-29 11:41:22,972][nle.env.base][INFO] - Not saving any NLE data.
[2023-10-29 11:41:22,975][nle.env.base][INFO] - Not saving any NLE data.
[2023-10-29 11:41:22,971][nle.env.base][INFO] - Not saving any NLE data.
[2023-10-29 11:41:22,978][nle.env.base][INFO] - Not saving any NLE data.
[2023-10-29 11:41:22,981][nle.env.base][INFO] - Not saving any NLE data.
[2023-10-29 11:41:22,981][nle.env.base][INFO] - Not saving any NLE data.
[2023-10-29 11:41:22,985][nle.env.base][INFO] - Not saving any NLE data.
[2023-10-29 11:41:22,985][nle.env.base][INFO] - Not saving any NLE data.
[2023-10-29 11:41:22,989][nle.env.base][INFO] - Not saving any NLE data.
[2023-10-29 11:41:22,989][nle.env.base][INFO] - Not saving any NLE data.
[2023-10-29 11:41:22,993][nle.env.base][INFO] - Not saving any NLE data.
[2023-10-29 11:41:22,993][nle.env.base][INFO] - Not saving any NLE data.
[2023-10-29 11:41:22,997][nle.env.base][INFO] - Not saving any NLE data.
[2023-10-29 11:41:23,002][nle.env.base][INFO] - Not saving any NLE data.
[2023-10-29 11:41:23,006][nle.env.base][INFO] - Not saving any NLE data.
[2023-10-29 11:41:23,009][nle.env.base][INFO] - Not saving any NLE data.
[2023-10-29 11:41:23,013][nle.env.base][INFO] - Not saving any NLE data.
[2023-10-29 11:41:23,015][nle.env.base][INFO] - Not saving any NLE data.
[2023-10-29 11:41:23,025][nle.env.base][INFO] - Not saving any NLE data.
[2023-10-29 11:41:23,025][nle.env.base][INFO] - Not saving any NLE data.
[2023-10-29 11:41:23,027][nle.env.base][INFO] - Not saving any NLE data.
[2023-10-29 11:41:23,029][nle.env.base][INFO] - Not saving any NLE data.
[2023-10-29 11:41:23,034][nle.env.base][INFO] - Not saving any NLE data.
[2023-10-29 11:41:23,052][nle.env.base][INFO] - Not saving any NLE data.
[2023-10-29 11:41:23,055][nle.env.base][INFO] - Not saving any NLE data.
[2023-10-29 11:41:23,081][nle.env.base][INFO] - Not saving any NLE data.
[2023-10-29 11:41:23,092][nle.env.base][INFO] - Not saving any NLE data.
[2023-10-29 11:41:23,134][nle.env.base][INFO] - Not saving any NLE data.
[2023-10-29 11:41:23,139][nle.env.base][INFO] - Not saving any NLE data.
[2023-10-29 11:41:23,136][nle.env.base][INFO] - Not saving any NLE data.
[2023-10-29 11:41:23,185][nle.env.base][INFO] - Not saving any NLE data.
[2023-10-29 11:41:23,185][nle.env.base][INFO] - Not saving any NLE data.
[2023-10-29 11:41:23,188][nle.env.base][INFO] - Not saving any NLE data.
[2023-10-29 11:41:23,193][nle.env.base][INFO] - Not saving any NLE data.
[2023-10-29 11:41:23,186][nle.env.base][INFO] - Not saving any NLE data.
[2023-10-29 11:41:23,197][nle.env.base][INFO] - Not saving any NLE data.
[2023-10-29 11:41:23,197][nle.env.base][INFO] - Not saving any NLE data.
[2023-10-29 11:41:23,186][nle.env.base][INFO] - Not saving any NLE data.
[2023-10-29 11:41:23,205][nle.env.base][INFO] - Not saving any NLE data.
[2023-10-29 11:41:23,209][nle.env.base][INFO] - Not saving any NLE data.
[2023-10-29 11:41:23,212][nle.env.base][INFO] - Not saving any NLE data.
[2023-10-29 11:41:23,237][nle.env.base][INFO] - Not saving any NLE data.
[2023-10-29 11:41:23,245][nle.env.base][INFO] - Not saving any NLE data.
[2023-10-29 11:41:23,249][nle.env.base][INFO] - Not saving any NLE data.
[2023-10-29 11:41:23,254][nle.env.base][INFO] - Not saving any NLE data.
[2023-10-29 11:41:23,258][nle.env.base][INFO] - Not saving any NLE data.
[2023-10-29 11:41:23,261][nle.env.base][INFO] - Not saving any NLE data.
[2023-10-29 11:41:23,269][nle.env.base][INFO] - Not saving any NLE data.
[2023-10-29 11:41:24,051][nle.env.base][INFO] - Not saving any NLE data.
[2023-10-29 11:41:24,050][nle.env.base][INFO] - Not saving any NLE data.
[2023-10-29 11:41:24,057][nle.env.base][INFO] - Not saving any NLE data.
[2023-10-29 11:41:24,057][nle.env.base][INFO] - Not saving any NLE data.
[2023-10-29 11:41:24,058][nle.env.base][INFO] - Not saving any NLE data.
[2023-10-29 11:41:24,061][nle.env.base][INFO] - Not saving any NLE data.
[2023-10-29 11:41:24,051][nle.env.base][INFO] - Not saving any NLE data.
[2023-10-29 11:41:24,052][nle.env.base][INFO] - Not saving any NLE data.
[2023-10-29 11:41:24,064][nle.env.base][INFO] - Not saving any NLE data.
[2023-10-29 11:41:24,053][nle.env.base][INFO] - Not saving any NLE data.
[2023-10-29 11:41:24,064][nle.env.base][INFO] - Not saving any NLE data.
[2023-10-29 11:41:24,054][nle.env.base][INFO] - Not saving any NLE data.
[2023-10-29 11:41:24,066][nle.env.base][INFO] - Not saving any NLE data.
[2023-10-29 11:41:24,075][nle.env.base][INFO] - Not saving any NLE data.
[2023-10-29 11:41:24,076][nle.env.base][INFO] - Not saving any NLE data.
[2023-10-29 11:41:24,076][nle.env.base][INFO] - Not saving any NLE data.
[2023-10-29 11:41:24,077][nle.env.base][INFO] - Not saving any NLE data.
[2023-10-29 11:41:24,078][nle.env.base][INFO] - Not saving any NLE data.
[2023-10-29 11:41:24,081][nle.env.base][INFO] - Not saving any NLE data.
[2023-10-29 11:41:24,081][nle.env.base][INFO] - Not saving any NLE data.
[2023-10-29 11:41:24,083][nle.env.base][INFO] - Not saving any NLE data.
[2023-10-29 11:41:24,083][nle.env.base][INFO] - Not saving any NLE data.
[2023-10-29 11:41:24,089][nle.env.base][INFO] - Not saving any NLE data.
[2023-10-29 11:41:24,092][nle.env.base][INFO] - Not saving any NLE data.
[2023-10-29 11:41:24,093][nle.env.base][INFO] - Not saving any NLE data.
[2023-10-29 11:41:24,093][nle.env.base][INFO] - Not saving any NLE data.
[2023-10-29 11:41:24,093][nle.env.base][INFO] - Not saving any NLE data.
[2023-10-29 11:41:24,093][nle.env.base][INFO] - Not saving any NLE data.
[2023-10-29 11:41:24,113][nle.env.base][INFO] - Not saving any NLE data.
[2023-10-29 11:41:24,096][nle.env.base][INFO] - Not saving any NLE data.
[2023-10-29 11:41:24,105][nle.env.base][INFO] - Not saving any NLE data.
[2023-10-29 11:41:24,117][nle.env.base][INFO] - Not saving any NLE data.
[2023-10-29 11:41:24,117][nle.env.base][INFO] - Not saving any NLE data.
[2023-10-29 11:41:24,097][nle.env.base][INFO] - Not saving any NLE data.
[2023-10-29 11:41:24,100][nle.env.base][INFO] - Not saving any NLE data.
[2023-10-29 11:41:24,101][nle.env.base][INFO] - Not saving any NLE data.
[2023-10-29 11:41:24,103][nle.env.base][INFO] - Not saving any NLE data.
[2023-10-29 11:41:24,101][nle.env.base][INFO] - Not saving any NLE data.
[2023-10-29 11:41:24,101][nle.env.base][INFO] - Not saving any NLE data.
[2023-10-29 11:41:24,103][nle.env.base][INFO] - Not saving any NLE data.
[2023-10-29 11:41:24,105][nle.env.base][INFO] - Not saving any NLE data.
[2023-10-29 11:41:24,076][nle.env.base][INFO] - Not saving any NLE data.
[2023-10-29 11:41:24,136][nle.env.base][INFO] - Not saving any NLE data.
[2023-10-29 11:41:24,136][nle.env.base][INFO] - Not saving any NLE data.
[2023-10-29 11:41:24,136][nle.env.base][INFO] - Not saving any NLE data.
[2023-10-29 11:41:24,137][nle.env.base][INFO] - Not saving any NLE data.
[2023-10-29 11:41:24,141][nle.env.base][INFO] - Not saving any NLE data.
[2023-10-29 11:41:24,141][nle.env.base][INFO] - Not saving any NLE data.
[2023-10-29 11:41:24,141][nle.env.base][INFO] - Not saving any NLE data.
[2023-10-29 11:41:24,141][nle.env.base][INFO] - Not saving any NLE data.
[2023-10-29 11:41:24,108][nle.env.base][INFO] - Not saving any NLE data.
[2023-10-29 11:41:24,109][nle.env.base][INFO] - Not saving any NLE data.
[2023-10-29 11:41:24,113][nle.env.base][INFO] - Not saving any NLE data.
[2023-10-29 11:41:24,113][nle.env.base][INFO] - Not saving any NLE data.
[2023-10-29 11:41:24,112][nle.env.base][INFO] - Not saving any NLE data.
[2023-10-29 11:41:25,354][nle.env.base][INFO] - Not saving any NLE data.
[2023-10-29 11:41:25,375][nle.env.base][INFO] - Not saving any NLE data.
[2023-10-29 11:41:25,381][nle.env.base][INFO] - Not saving any NLE data.
[2023-10-29 11:41:25,397][nle.env.base][INFO] - Not saving any NLE data.
[2023-10-29 11:41:25,402][nle.env.base][INFO] - Not saving any NLE data.
[2023-10-29 11:41:25,406][nle.env.base][INFO] - Not saving any NLE data.
[2023-10-29 11:41:25,407][nle.env.base][INFO] - Not saving any NLE data.
[2023-10-29 11:41:25,417][nle.env.base][INFO] - Not saving any NLE data.
[2023-10-29 11:41:25,430][nle.env.base][INFO] - Not saving any NLE data.
[2023-10-29 11:41:25,434][nle.env.base][INFO] - Not saving any NLE data.
[2023-10-29 11:41:25,432][nle.env.base][INFO] - Not saving any NLE data.
[2023-10-29 11:41:25,437][nle.env.base][INFO] - Not saving any NLE data.
[2023-10-29 11:41:25,453][nle.env.base][INFO] - Not saving any NLE data.
[2023-10-29 11:41:25,453][nle.env.base][INFO] - Not saving any NLE data.
[2023-10-29 11:41:25,472][nle.env.base][INFO] - Not saving any NLE data.
[2023-10-29 11:41:25,482][nle.env.base][INFO] - Not saving any NLE data.
[2023-10-29 11:41:25,487][nle.env.base][INFO] - Not saving any NLE data.
[2023-10-29 11:41:25,497][nle.env.base][INFO] - Not saving any NLE data.
[2023-10-29 11:41:25,503][nle.env.base][INFO] - Not saving any NLE data.
[2023-10-29 11:41:25,508][nle.env.base][INFO] - Not saving any NLE data.
[2023-10-29 11:41:25,508][nle.env.base][INFO] - Not saving any NLE data.
[2023-10-29 11:41:25,524][nle.env.base][INFO] - Not saving any NLE data.
[2023-10-29 11:41:25,524][nle.env.base][INFO] - Not saving any NLE data.
[2023-10-29 11:41:25,533][nle.env.base][INFO] - Not saving any NLE data.
[2023-10-29 11:41:25,545][nle.env.base][INFO] - Not saving any NLE data.
[2023-10-29 11:41:25,548][nle.env.base][INFO] - Not saving any NLE data.
[2023-10-29 11:41:25,573][nle.env.base][INFO] - Not saving any NLE data.
[2023-10-29 11:41:25,576][nle.env.base][INFO] - Not saving any NLE data.
[2023-10-29 11:41:25,590][nle.env.base][INFO] - Not saving any NLE data.
[2023-10-29 11:41:25,597][nle.env.base][INFO] - Not saving any NLE data.
[2023-10-29 11:41:25,609][nle.env.base][INFO] - Not saving any NLE data.
[2023-10-29 11:41:25,617][nle.env.base][INFO] - Not saving any NLE data.
[2023-10-29 11:41:25,629][nle.env.base][INFO] - Not saving any NLE data.
[2023-10-29 11:41:25,640][nle.env.base][INFO] - Not saving any NLE data.
[2023-10-29 11:41:25,642][nle.env.base][INFO] - Not saving any NLE data.
[2023-10-29 11:41:25,647][nle.env.base][INFO] - Not saving any NLE data.
[2023-10-29 11:41:25,656][nle.env.base][INFO] - Not saving any NLE data.
[2023-10-29 11:41:25,659][nle.env.base][INFO] - Not saving any NLE data.
[2023-10-29 11:41:25,665][nle.env.base][INFO] - Not saving any NLE data.
[2023-10-29 11:41:25,671][nle.env.base][INFO] - Not saving any NLE data.
[2023-10-29 11:41:25,695][nle.env.base][INFO] - Not saving any NLE data.
[2023-10-29 11:41:25,704][nle.env.base][INFO] - Not saving any NLE data.
[2023-10-29 11:41:25,706][nle.env.base][INFO] - Not saving any NLE data.
[2023-10-29 11:41:25,717][nle.env.base][INFO] - Not saving any NLE data.
[2023-10-29 11:41:25,717][nle.env.base][INFO] - Not saving any NLE data.
[2023-10-29 11:41:25,721][nle.env.base][INFO] - Not saving any NLE data.
[2023-10-29 11:41:25,721][nle.env.base][INFO] - Not saving any NLE data.
[2023-10-29 11:41:25,721][nle.env.base][INFO] - Not saving any NLE data.
[2023-10-29 11:41:25,727][nle.env.base][INFO] - Not saving any NLE data.
[2023-10-29 11:41:25,729][nle.env.base][INFO] - Not saving any NLE data.
[2023-10-29 11:41:25,733][nle.env.base][INFO] - Not saving any NLE data.
[2023-10-29 11:41:25,737][nle.env.base][INFO] - Not saving any NLE data.
[2023-10-29 11:41:25,742][nle.env.base][INFO] - Not saving any NLE data.
[2023-10-29 11:41:25,760][nle.env.base][INFO] - Not saving any NLE data.
[2023-10-29 11:41:25,772][nle.env.base][INFO] - Not saving any NLE data.
[2023-10-29 11:41:25,773][nle.env.base][INFO] - Not saving any NLE data.
[2023-10-29 11:41:25,777][nle.env.base][INFO] - Not saving any NLE data.
[2023-10-29 11:41:25,777][nle.env.base][INFO] - Not saving any NLE data.
[2023-10-29 11:41:25,777][nle.env.base][INFO] - Not saving any NLE data.
[2023-10-29 11:41:25,777][nle.env.base][INFO] - Not saving any NLE data.
[2023-10-29 11:41:25,782][nle.env.base][INFO] - Not saving any NLE data.
[2023-10-29 11:41:25,786][nle.env.base][INFO] - Not saving any NLE data.
[2023-10-29 11:41:25,788][nle.env.base][INFO] - Not saving any NLE data.
[2023-10-29 11:41:25,790][nle.env.base][INFO] - Not saving any NLE data.
[2023-10-29 11:41:25,798][nle.env.base][INFO] - Not saving any NLE data.
[2023-10-29 11:41:25,812][nle.env.base][INFO] - Not saving any NLE data.
[2023-10-29 11:41:25,820][nle.env.base][INFO] - Not saving any NLE data.
[2023-10-29 11:41:25,825][nle.env.base][INFO] - Not saving any NLE data.
[2023-10-29 11:41:25,817][nle.env.base][INFO] - Not saving any NLE data.
[2023-10-29 11:41:25,829][nle.env.base][INFO] - Not saving any NLE data.
[2023-10-29 11:41:25,834][nle.env.base][INFO] - Not saving any NLE data.
[2023-10-29 11:41:25,840][nle.env.base][INFO] - Not saving any NLE data.
[2023-10-29 11:41:25,846][nle.env.base][INFO] - Not saving any NLE data.
[2023-10-29 11:41:25,846][nle.env.base][INFO] - Not saving any NLE data.
[2023-10-29 11:41:25,849][nle.env.base][INFO] - Not saving any NLE data.
[2023-10-29 11:41:25,849][nle.env.base][INFO] - Not saving any NLE data.
[2023-10-29 11:41:25,851][nle.env.base][INFO] - Not saving any NLE data.
[2023-10-29 11:41:25,858][nle.env.base][INFO] - Not saving any NLE data.
[2023-10-29 11:41:25,861][nle.env.base][INFO] - Not saving any NLE data.
[2023-10-29 11:41:25,869][nle.env.base][INFO] - Not saving any NLE data.
[2023-10-29 11:41:25,874][nle.env.base][INFO] - Not saving any NLE data.
[2023-10-29 11:41:25,874][nle.env.base][INFO] - Not saving any NLE data.
[2023-10-29 11:41:25,877][nle.env.base][INFO] - Not saving any NLE data.
[2023-10-29 11:41:25,884][nle.env.base][INFO] - Not saving any NLE data.
[2023-10-29 11:41:25,888][nle.env.base][INFO] - Not saving any NLE data.
[2023-10-29 11:41:25,892][nle.env.base][INFO] - Not saving any NLE data.
[2023-10-29 11:41:25,905][nle.env.base][INFO] - Not saving any NLE data.
[2023-10-29 11:41:25,915][nle.env.base][INFO] - Not saving any NLE data.
[2023-10-29 11:41:25,917][nle.env.base][INFO] - Not saving any NLE data.
[2023-10-29 11:41:25,922][nle.env.base][INFO] - Not saving any NLE data.
[2023-10-29 11:41:25,953][nle.env.base][INFO] - Not saving any NLE data.
[2023-10-29 11:41:25,961][nle.env.base][INFO] - Not saving any NLE data.
[2023-10-29 11:41:25,968][nle.env.base][INFO] - Not saving any NLE data.
[2023-10-29 11:41:25,970][nle.env.base][INFO] - Not saving any NLE data.
[2023-10-29 11:41:25,970][nle.env.base][INFO] - Not saving any NLE data.
[2023-10-29 11:41:25,970][nle.env.base][INFO] - Not saving any NLE data.
[2023-10-29 11:41:25,983][nle.env.base][INFO] - Not saving any NLE data.
[2023-10-29 11:41:25,988][nle.env.base][INFO] - Not saving any NLE data.
[2023-10-29 11:41:26,008][nle.env.base][INFO] - Not saving any NLE data.
[2023-10-29 11:41:26,011][nle.env.base][INFO] - Not saving any NLE data.
[2023-10-29 11:41:26,024][nle.env.base][INFO] - Not saving any NLE data.
[2023-10-29 11:41:26,045][nle.env.base][INFO] - Not saving any NLE data.
[2023-10-29 11:41:27,494][nle.env.base][INFO] - Not saving any NLE data.
[2023-10-29 11:41:27,593][nle.env.base][INFO] - Not saving any NLE data.
[2023-10-29 11:41:27,616][nle.env.base][INFO] - Not saving any NLE data.
[2023-10-29 11:41:27,721][nle.env.base][INFO] - Not saving any NLE data.
[2023-10-29 11:41:27,903][root][INFO] - Step 0 @ 0.0 SPS. Inference batcher size: 73. Learner queue size: 0. Other stats: (train_seconds = 5.0)
[2023-10-29 11:41:28,000][nle.env.base][INFO] - Not saving any NLE data.
[2023-10-29 11:41:28,005][nle.env.base][INFO] - Not saving any NLE data.
[2023-10-29 11:41:28,026][nle.env.base][INFO] - Not saving any NLE data.
[2023-10-29 11:41:28,117][nle.env.base][INFO] - Not saving any NLE data.
[2023-10-29 11:41:28,139][nle.env.base][INFO] - Not saving any NLE data.
[2023-10-29 11:41:28,249][nle.env.base][INFO] - Not saving any NLE data.
[2023-10-29 11:41:28,378][nle.env.base][INFO] - Not saving any NLE data.
[2023-10-29 11:41:28,404][nle.env.base][INFO] - Not saving any NLE data.
[2023-10-29 11:41:28,489][nle.env.base][INFO] - Not saving any NLE data.
[2023-10-29 11:41:28,489][nle.env.base][INFO] - Not saving any NLE data.
[2023-10-29 11:41:28,675][nle.env.base][INFO] - Not saving any NLE data.
[2023-10-29 11:41:32,909][root][INFO] - Step 0 @ 0.0 SPS. Inference batcher size: 95. Learner queue size: 0. Other stats: (train_seconds = 10.0)
[2023-10-29 11:41:37,913][root][INFO] - Step 0 @ 0.0 SPS. Inference batcher size: 115. Learner queue size: 0. Other stats: (train_seconds = 15.0)
[2023-10-29 11:41:42,918][root][INFO] - Step 0 @ 0.0 SPS. Inference batcher size: 114. Learner queue size: 1. Other stats: (train_seconds = 20.0)
[2023-10-29 11:41:47,920][root][INFO] - Step 0 @ 0.0 SPS. Inference batcher size: 8. Learner queue size: 32. Other stats: (train_seconds = 25.0)
[2023-10-29 11:41:51,806][palaas/out][INFO] - Updated log fields: ['_tick', '_time', 'train_seconds', 'success_rate', 'step', 'mean_episode_return', 'mean_episode_step', 'total_loss', 'entropy_loss', 'pg_loss', 'baseline_loss', 'learner_queue_size']
[2023-10-29 11:41:52,924][root][INFO] - Saving checkpoint to /workspace/outputs/2023-10-29/11-41-22/mini_skill_fight_0.tar
[2023-10-29 11:41:52,991][root][INFO] - Step 2560 @ 511.6 SPS. Inference batcher size: 20. Learner queue size: 32. Other stats: (train_seconds = 30.0, success_rate = 0.88889, step = 2560, mean_episode_return = 0.36756, mean_episode_step = 36.578, total_loss = -1403.8, entropy_loss = -8.0247, pg_loss = -1477.3, baseline_loss = 81.481, learner_queue_size = 32, _tick = 0, _time = 1.6986e+09)
[2023-10-29 11:41:52,991][root][INFO] - Learning finished after 2560 steps.
[2023-10-29 11:41:52,992][root][INFO] - Saving checkpoint to /workspace/outputs/2023-10-29/11-41-22/mini_skill_fight.tar
