[2023-10-29 13:01:24,159][root][INFO] - name: null
wandb: false
project: skillhack
entity: your_entity_name
group: default
state_dict_path: none
foc_options_path: none
foc_options_config_path: none
teacher_path: none
teacher_config_path: none
ks_max_lambda: 10
ks_max_time: 20000000.0
ks_min_lambda_prop: 0.1
train_with_all_skills: false
penalty_per_step: 0.01
hks_max_uniform_weight: 1000
hks_min_uniform_prop: 0.05
hks_max_uniform_time: 20000000.0
tasks_json: tasks
mock: false
single_ttyrec: true
num_seeds: 0
write_profiler_trace: false
relative_reward: false
fn_penalty_step: constant
penalty_time: 0.0
penalty_step: -0.001
reward_lose: 0
reward_win: 1
character: null
save_tty: false
mode: train
env: mini_skill_wield
obs_keys: glyphs,chars,colors,specials,blstats,message
num_actors: 256
total_steps: 1000.0
batch_size: 32
unroll_length: 80
num_learner_threads: 1
num_inference_threads: 1
disable_cuda: false
learner_device: cuda:0
actor_device: cuda:0
max_learner_queue_size: null
model: baseline
use_lstm: false
hidden_dim: 256
embedding_dim: 64
glyph_type: all_cat
equalize_input_dim: false
equalize_factor: 2
layers: 5
crop_model: cnn
crop_dim: 9
use_index_select: true
entropy_cost: 0.001
baseline_cost: 0.5
discounting: 0.999
reward_clipping: none
normalize_reward: true
learning_rate: 0.0002
grad_norm_clipping: 40
alpha: 0.99
momentum: 0
epsilon: 1.0e-06
state_counter: none
no_extrinsic: false
int:
  twoheaded: true
  input: full
  intrinsic_weight: 0.1
  discounting: 0.99
  baseline_cost: 0.5
  episodic: true
  reward_clipping: none
  normalize_reward: true
ride:
  count_norm: true
  forward_cost: 1
  inverse_cost: 0.1
  hidden_dim: 128
rnd:
  forward_cost: 0.01
msg:
  model: none
  hidden_dim: 64
  embedding_dim: 32

[2023-10-29 13:01:24,176][root][INFO] - Symlinked log directory: /workspace/latest
[2023-10-29 13:01:24,177][root][INFO] - Creating archive directory: /workspace/outputs/2023-10-29/13-01-24/archives
[2023-10-29 13:01:24,181][root][INFO] - Logging results to /workspace/outputs/2023-10-29/13-01-24
[2023-10-29 13:01:24,224][palaas/out][INFO] - Found log directory: /workspace/outputs/2023-10-29/13-01-24
[2023-10-29 13:01:24,224][palaas/out][INFO] - Saving arguments to /workspace/outputs/2023-10-29/13-01-24/meta.json
[2023-10-29 13:01:24,225][palaas/out][INFO] - Saving messages to /workspace/outputs/2023-10-29/13-01-24/out.log
[2023-10-29 13:01:24,225][palaas/out][INFO] - Saving logs data to /workspace/outputs/2023-10-29/13-01-24/logs.csv
[2023-10-29 13:01:24,225][palaas/out][INFO] - Saving logs' fields to /workspace/outputs/2023-10-29/13-01-24/fields.csv
[2023-10-29 13:01:24,226][root][INFO] - Not using CUDA.
[2023-10-29 13:01:24,234][root][INFO] - Using model baseline
[2023-10-29 13:01:24,234][nle.env.base][INFO] - Not saving any NLE data.
[2023-10-29 13:01:24,282][root][INFO] - Number of model parameters: 3717182
[2023-10-29 13:01:24,283][nle.env.base][INFO] - Not saving any NLE data.
[2023-10-29 13:01:24,659][nle.env.base][INFO] - Not saving any NLE data.
[2023-10-29 13:01:24,659][nle.env.base][INFO] - Not saving any NLE data.
[2023-10-29 13:01:24,659][nle.env.base][INFO] - Not saving any NLE data.
[2023-10-29 13:01:24,660][nle.env.base][INFO] - Not saving any NLE data.
[2023-10-29 13:01:24,661][nle.env.base][INFO] - Not saving any NLE data.
[2023-10-29 13:01:24,660][nle.env.base][INFO] - Not saving any NLE data.
[2023-10-29 13:01:24,666][nle.env.base][INFO] - Not saving any NLE data.
[2023-10-29 13:01:24,667][nle.env.base][INFO] - Not saving any NLE data.
[2023-10-29 13:01:24,667][nle.env.base][INFO] - Not saving any NLE data.
[2023-10-29 13:01:24,668][nle.env.base][INFO] - Not saving any NLE data.
[2023-10-29 13:01:24,674][nle.env.base][INFO] - Not saving any NLE data.
[2023-10-29 13:01:24,681][nle.env.base][INFO] - Not saving any NLE data.
[2023-10-29 13:01:24,684][nle.env.base][INFO] - Not saving any NLE data.
[2023-10-29 13:01:24,684][nle.env.base][INFO] - Not saving any NLE data.
[2023-10-29 13:01:24,684][nle.env.base][INFO] - Not saving any NLE data.
[2023-10-29 13:01:24,685][nle.env.base][INFO] - Not saving any NLE data.
[2023-10-29 13:01:24,685][nle.env.base][INFO] - Not saving any NLE data.
[2023-10-29 13:01:24,685][nle.env.base][INFO] - Not saving any NLE data.
[2023-10-29 13:01:24,687][nle.env.base][INFO] - Not saving any NLE data.
[2023-10-29 13:01:24,687][nle.env.base][INFO] - Not saving any NLE data.
[2023-10-29 13:01:24,679][nle.env.base][INFO] - Not saving any NLE data.
[2023-10-29 13:01:24,691][nle.env.base][INFO] - Not saving any NLE data.
[2023-10-29 13:01:24,694][nle.env.base][INFO] - Not saving any NLE data.
[2023-10-29 13:01:24,695][nle.env.base][INFO] - Not saving any NLE data.
[2023-10-29 13:01:24,703][nle.env.base][INFO] - Not saving any NLE data.
[2023-10-29 13:01:24,703][nle.env.base][INFO] - Not saving any NLE data.
[2023-10-29 13:01:24,703][nle.env.base][INFO] - Not saving any NLE data.
[2023-10-29 13:01:24,703][nle.env.base][INFO] - Not saving any NLE data.
[2023-10-29 13:01:24,703][nle.env.base][INFO] - Not saving any NLE data.
[2023-10-29 13:01:24,703][nle.env.base][INFO] - Not saving any NLE data.
[2023-10-29 13:01:24,703][nle.env.base][INFO] - Not saving any NLE data.
[2023-10-29 13:01:24,703][nle.env.base][INFO] - Not saving any NLE data.
[2023-10-29 13:01:24,706][nle.env.base][INFO] - Not saving any NLE data.
[2023-10-29 13:01:24,709][nle.env.base][INFO] - Not saving any NLE data.
[2023-10-29 13:01:24,709][nle.env.base][INFO] - Not saving any NLE data.
[2023-10-29 13:01:24,709][nle.env.base][INFO] - Not saving any NLE data.
[2023-10-29 13:01:24,709][nle.env.base][INFO] - Not saving any NLE data.
[2023-10-29 13:01:24,703][nle.env.base][INFO] - Not saving any NLE data.
[2023-10-29 13:01:24,709][nle.env.base][INFO] - Not saving any NLE data.
[2023-10-29 13:01:24,706][nle.env.base][INFO] - Not saving any NLE data.
[2023-10-29 13:01:24,711][nle.env.base][INFO] - Not saving any NLE data.
[2023-10-29 13:01:24,711][nle.env.base][INFO] - Not saving any NLE data.
[2023-10-29 13:01:24,712][nle.env.base][INFO] - Not saving any NLE data.
[2023-10-29 13:01:24,712][nle.env.base][INFO] - Not saving any NLE data.
[2023-10-29 13:01:24,714][nle.env.base][INFO] - Not saving any NLE data.
[2023-10-29 13:01:24,715][nle.env.base][INFO] - Not saving any NLE data.
[2023-10-29 13:01:24,717][nle.env.base][INFO] - Not saving any NLE data.
[2023-10-29 13:01:24,717][nle.env.base][INFO] - Not saving any NLE data.
[2023-10-29 13:01:24,720][nle.env.base][INFO] - Not saving any NLE data.
[2023-10-29 13:01:24,720][nle.env.base][INFO] - Not saving any NLE data.
[2023-10-29 13:01:24,722][nle.env.base][INFO] - Not saving any NLE data.
[2023-10-29 13:01:24,722][nle.env.base][INFO] - Not saving any NLE data.
[2023-10-29 13:01:24,722][nle.env.base][INFO] - Not saving any NLE data.
[2023-10-29 13:01:24,722][nle.env.base][INFO] - Not saving any NLE data.
[2023-10-29 13:01:24,725][nle.env.base][INFO] - Not saving any NLE data.
[2023-10-29 13:01:24,725][nle.env.base][INFO] - Not saving any NLE data.
[2023-10-29 13:01:24,726][nle.env.base][INFO] - Not saving any NLE data.
[2023-10-29 13:01:24,753][nle.env.base][INFO] - Not saving any NLE data.
[2023-10-29 13:01:24,754][nle.env.base][INFO] - Not saving any NLE data.
[2023-10-29 13:01:24,773][nle.env.base][INFO] - Not saving any NLE data.
[2023-10-29 13:01:24,776][nle.env.base][INFO] - Not saving any NLE data.
[2023-10-29 13:01:24,794][nle.env.base][INFO] - Not saving any NLE data.
[2023-10-29 13:01:24,809][nle.env.base][INFO] - Not saving any NLE data.
[2023-10-29 13:01:24,810][nle.env.base][INFO] - Not saving any NLE data.
[2023-10-29 13:01:24,811][nle.env.base][INFO] - Not saving any NLE data.
[2023-10-29 13:01:24,817][nle.env.base][INFO] - Not saving any NLE data.
[2023-10-29 13:01:24,844][nle.env.base][INFO] - Not saving any NLE data.
[2023-10-29 13:01:24,850][nle.env.base][INFO] - Not saving any NLE data.
[2023-10-29 13:01:24,850][nle.env.base][INFO] - Not saving any NLE data.
[2023-10-29 13:01:24,861][nle.env.base][INFO] - Not saving any NLE data.
[2023-10-29 13:01:24,861][nle.env.base][INFO] - Not saving any NLE data.
[2023-10-29 13:01:24,883][nle.env.base][INFO] - Not saving any NLE data.
[2023-10-29 13:01:24,883][nle.env.base][INFO] - Not saving any NLE data.
[2023-10-29 13:01:24,883][nle.env.base][INFO] - Not saving any NLE data.
[2023-10-29 13:01:24,885][nle.env.base][INFO] - Not saving any NLE data.
[2023-10-29 13:01:24,883][nle.env.base][INFO] - Not saving any NLE data.
[2023-10-29 13:01:24,889][nle.env.base][INFO] - Not saving any NLE data.
[2023-10-29 13:01:24,893][nle.env.base][INFO] - Not saving any NLE data.
[2023-10-29 13:01:24,897][nle.env.base][INFO] - Not saving any NLE data.
[2023-10-29 13:01:24,909][nle.env.base][INFO] - Not saving any NLE data.
[2023-10-29 13:01:24,930][nle.env.base][INFO] - Not saving any NLE data.
[2023-10-29 13:01:24,939][nle.env.base][INFO] - Not saving any NLE data.
[2023-10-29 13:01:24,945][nle.env.base][INFO] - Not saving any NLE data.
[2023-10-29 13:01:24,981][nle.env.base][INFO] - Not saving any NLE data.
[2023-10-29 13:01:24,990][nle.env.base][INFO] - Not saving any NLE data.
[2023-10-29 13:01:25,017][nle.env.base][INFO] - Not saving any NLE data.
[2023-10-29 13:01:25,111][nle.env.base][INFO] - Not saving any NLE data.
[2023-10-29 13:01:25,695][nle.env.base][INFO] - Not saving any NLE data.
[2023-10-29 13:01:25,740][nle.env.base][INFO] - Not saving any NLE data.
[2023-10-29 13:01:25,746][nle.env.base][INFO] - Not saving any NLE data.
[2023-10-29 13:01:25,748][nle.env.base][INFO] - Not saving any NLE data.
[2023-10-29 13:01:25,746][nle.env.base][INFO] - Not saving any NLE data.
[2023-10-29 13:01:25,745][nle.env.base][INFO] - Not saving any NLE data.
[2023-10-29 13:01:25,747][nle.env.base][INFO] - Not saving any NLE data.
[2023-10-29 13:01:25,754][nle.env.base][INFO] - Not saving any NLE data.
[2023-10-29 13:01:25,748][nle.env.base][INFO] - Not saving any NLE data.
[2023-10-29 13:01:25,746][nle.env.base][INFO] - Not saving any NLE data.
[2023-10-29 13:01:25,746][nle.env.base][INFO] - Not saving any NLE data.
[2023-10-29 13:01:25,745][nle.env.base][INFO] - Not saving any NLE data.
[2023-10-29 13:01:25,757][nle.env.base][INFO] - Not saving any NLE data.
[2023-10-29 13:01:25,757][nle.env.base][INFO] - Not saving any NLE data.
[2023-10-29 13:01:25,758][nle.env.base][INFO] - Not saving any NLE data.
[2023-10-29 13:01:25,758][nle.env.base][INFO] - Not saving any NLE data.
[2023-10-29 13:01:25,759][nle.env.base][INFO] - Not saving any NLE data.
[2023-10-29 13:01:25,758][nle.env.base][INFO] - Not saving any NLE data.
[2023-10-29 13:01:25,759][nle.env.base][INFO] - Not saving any NLE data.
[2023-10-29 13:01:25,760][nle.env.base][INFO] - Not saving any NLE data.
[2023-10-29 13:01:25,761][nle.env.base][INFO] - Not saving any NLE data.
[2023-10-29 13:01:25,761][nle.env.base][INFO] - Not saving any NLE data.
[2023-10-29 13:01:25,763][nle.env.base][INFO] - Not saving any NLE data.
[2023-10-29 13:01:25,761][nle.env.base][INFO] - Not saving any NLE data.
[2023-10-29 13:01:25,763][nle.env.base][INFO] - Not saving any NLE data.
[2023-10-29 13:01:25,809][nle.env.base][INFO] - Not saving any NLE data.
[2023-10-29 13:01:25,763][nle.env.base][INFO] - Not saving any NLE data.
[2023-10-29 13:01:25,812][nle.env.base][INFO] - Not saving any NLE data.
[2023-10-29 13:01:25,812][nle.env.base][INFO] - Not saving any NLE data.
[2023-10-29 13:01:25,764][nle.env.base][INFO] - Not saving any NLE data.
[2023-10-29 13:01:25,817][nle.env.base][INFO] - Not saving any NLE data.
[2023-10-29 13:01:25,820][nle.env.base][INFO] - Not saving any NLE data.
[2023-10-29 13:01:25,822][nle.env.base][INFO] - Not saving any NLE data.
[2023-10-29 13:01:25,764][nle.env.base][INFO] - Not saving any NLE data.
[2023-10-29 13:01:25,764][nle.env.base][INFO] - Not saving any NLE data.
[2023-10-29 13:01:25,826][nle.env.base][INFO] - Not saving any NLE data.
[2023-10-29 13:01:25,767][nle.env.base][INFO] - Not saving any NLE data.
[2023-10-29 13:01:25,765][nle.env.base][INFO] - Not saving any NLE data.
[2023-10-29 13:01:25,761][nle.env.base][INFO] - Not saving any NLE data.
[2023-10-29 13:01:25,754][nle.env.base][INFO] - Not saving any NLE data.
[2023-10-29 13:01:25,773][nle.env.base][INFO] - Not saving any NLE data.
[2023-10-29 13:01:25,774][nle.env.base][INFO] - Not saving any NLE data.
[2023-10-29 13:01:25,776][nle.env.base][INFO] - Not saving any NLE data.
[2023-10-29 13:01:25,777][nle.env.base][INFO] - Not saving any NLE data.
[2023-10-29 13:01:25,777][nle.env.base][INFO] - Not saving any NLE data.
[2023-10-29 13:01:25,848][nle.env.base][INFO] - Not saving any NLE data.
[2023-10-29 13:01:25,848][nle.env.base][INFO] - Not saving any NLE data.
[2023-10-29 13:01:25,850][nle.env.base][INFO] - Not saving any NLE data.
[2023-10-29 13:01:25,779][nle.env.base][INFO] - Not saving any NLE data.
[2023-10-29 13:01:25,847][nle.env.base][INFO] - Not saving any NLE data.
[2023-10-29 13:01:25,853][nle.env.base][INFO] - Not saving any NLE data.
[2023-10-29 13:01:25,852][nle.env.base][INFO] - Not saving any NLE data.
[2023-10-29 13:01:25,859][nle.env.base][INFO] - Not saving any NLE data.
[2023-10-29 13:01:25,866][nle.env.base][INFO] - Not saving any NLE data.
[2023-10-29 13:01:25,883][nle.env.base][INFO] - Not saving any NLE data.
[2023-10-29 13:01:25,881][nle.env.base][INFO] - Not saving any NLE data.
[2023-10-29 13:01:25,894][nle.env.base][INFO] - Not saving any NLE data.
[2023-10-29 13:01:25,918][nle.env.base][INFO] - Not saving any NLE data.
[2023-10-29 13:01:27,130][nle.env.base][INFO] - Not saving any NLE data.
[2023-10-29 13:01:27,143][nle.env.base][INFO] - Not saving any NLE data.
[2023-10-29 13:01:27,145][nle.env.base][INFO] - Not saving any NLE data.
[2023-10-29 13:01:27,149][nle.env.base][INFO] - Not saving any NLE data.
[2023-10-29 13:01:27,177][nle.env.base][INFO] - Not saving any NLE data.
[2023-10-29 13:01:27,237][nle.env.base][INFO] - Not saving any NLE data.
[2023-10-29 13:01:27,241][nle.env.base][INFO] - Not saving any NLE data.
[2023-10-29 13:01:27,252][nle.env.base][INFO] - Not saving any NLE data.
[2023-10-29 13:01:27,283][nle.env.base][INFO] - Not saving any NLE data.
[2023-10-29 13:01:27,283][nle.env.base][INFO] - Not saving any NLE data.
[2023-10-29 13:01:27,312][nle.env.base][INFO] - Not saving any NLE data.
[2023-10-29 13:01:27,318][nle.env.base][INFO] - Not saving any NLE data.
[2023-10-29 13:01:27,327][nle.env.base][INFO] - Not saving any NLE data.
[2023-10-29 13:01:27,339][nle.env.base][INFO] - Not saving any NLE data.
[2023-10-29 13:01:27,340][nle.env.base][INFO] - Not saving any NLE data.
[2023-10-29 13:01:27,340][nle.env.base][INFO] - Not saving any NLE data.
[2023-10-29 13:01:27,355][nle.env.base][INFO] - Not saving any NLE data.
[2023-10-29 13:01:27,356][nle.env.base][INFO] - Not saving any NLE data.
[2023-10-29 13:01:27,363][nle.env.base][INFO] - Not saving any NLE data.
[2023-10-29 13:01:27,374][nle.env.base][INFO] - Not saving any NLE data.
[2023-10-29 13:01:27,379][nle.env.base][INFO] - Not saving any NLE data.
[2023-10-29 13:01:27,384][nle.env.base][INFO] - Not saving any NLE data.
[2023-10-29 13:01:27,390][nle.env.base][INFO] - Not saving any NLE data.
[2023-10-29 13:01:27,396][nle.env.base][INFO] - Not saving any NLE data.
[2023-10-29 13:01:27,407][nle.env.base][INFO] - Not saving any NLE data.
[2023-10-29 13:01:27,409][nle.env.base][INFO] - Not saving any NLE data.
[2023-10-29 13:01:27,412][nle.env.base][INFO] - Not saving any NLE data.
[2023-10-29 13:01:27,421][nle.env.base][INFO] - Not saving any NLE data.
[2023-10-29 13:01:27,429][nle.env.base][INFO] - Not saving any NLE data.
[2023-10-29 13:01:27,430][nle.env.base][INFO] - Not saving any NLE data.
[2023-10-29 13:01:27,435][nle.env.base][INFO] - Not saving any NLE data.
[2023-10-29 13:01:27,437][nle.env.base][INFO] - Not saving any NLE data.
[2023-10-29 13:01:27,438][nle.env.base][INFO] - Not saving any NLE data.
[2023-10-29 13:01:27,447][nle.env.base][INFO] - Not saving any NLE data.
[2023-10-29 13:01:27,458][nle.env.base][INFO] - Not saving any NLE data.
[2023-10-29 13:01:27,461][nle.env.base][INFO] - Not saving any NLE data.
[2023-10-29 13:01:27,466][nle.env.base][INFO] - Not saving any NLE data.
[2023-10-29 13:01:27,473][nle.env.base][INFO] - Not saving any NLE data.
[2023-10-29 13:01:27,467][nle.env.base][INFO] - Not saving any NLE data.
[2023-10-29 13:01:27,481][nle.env.base][INFO] - Not saving any NLE data.
[2023-10-29 13:01:27,462][nle.env.base][INFO] - Not saving any NLE data.
[2023-10-29 13:01:27,470][nle.env.base][INFO] - Not saving any NLE data.
[2023-10-29 13:01:27,491][nle.env.base][INFO] - Not saving any NLE data.
[2023-10-29 13:01:27,493][nle.env.base][INFO] - Not saving any NLE data.
[2023-10-29 13:01:27,459][nle.env.base][INFO] - Not saving any NLE data.
[2023-10-29 13:01:27,501][nle.env.base][INFO] - Not saving any NLE data.
[2023-10-29 13:01:27,498][nle.env.base][INFO] - Not saving any NLE data.
[2023-10-29 13:01:27,509][nle.env.base][INFO] - Not saving any NLE data.
[2023-10-29 13:01:27,516][nle.env.base][INFO] - Not saving any NLE data.
[2023-10-29 13:01:27,521][nle.env.base][INFO] - Not saving any NLE data.
[2023-10-29 13:01:27,526][nle.env.base][INFO] - Not saving any NLE data.
[2023-10-29 13:01:27,534][nle.env.base][INFO] - Not saving any NLE data.
[2023-10-29 13:01:27,545][nle.env.base][INFO] - Not saving any NLE data.
[2023-10-29 13:01:27,545][nle.env.base][INFO] - Not saving any NLE data.
[2023-10-29 13:01:27,557][nle.env.base][INFO] - Not saving any NLE data.
[2023-10-29 13:01:27,562][nle.env.base][INFO] - Not saving any NLE data.
[2023-10-29 13:01:27,562][nle.env.base][INFO] - Not saving any NLE data.
[2023-10-29 13:01:27,576][nle.env.base][INFO] - Not saving any NLE data.
[2023-10-29 13:01:27,581][nle.env.base][INFO] - Not saving any NLE data.
[2023-10-29 13:01:27,581][nle.env.base][INFO] - Not saving any NLE data.
[2023-10-29 13:01:27,596][nle.env.base][INFO] - Not saving any NLE data.
[2023-10-29 13:01:27,603][nle.env.base][INFO] - Not saving any NLE data.
[2023-10-29 13:01:27,603][nle.env.base][INFO] - Not saving any NLE data.
[2023-10-29 13:01:27,604][nle.env.base][INFO] - Not saving any NLE data.
[2023-10-29 13:01:27,605][nle.env.base][INFO] - Not saving any NLE data.
[2023-10-29 13:01:27,614][nle.env.base][INFO] - Not saving any NLE data.
[2023-10-29 13:01:27,620][nle.env.base][INFO] - Not saving any NLE data.
[2023-10-29 13:01:27,621][nle.env.base][INFO] - Not saving any NLE data.
[2023-10-29 13:01:27,633][nle.env.base][INFO] - Not saving any NLE data.
[2023-10-29 13:01:27,633][nle.env.base][INFO] - Not saving any NLE data.
[2023-10-29 13:01:27,634][nle.env.base][INFO] - Not saving any NLE data.
[2023-10-29 13:01:27,640][nle.env.base][INFO] - Not saving any NLE data.
[2023-10-29 13:01:27,648][nle.env.base][INFO] - Not saving any NLE data.
[2023-10-29 13:01:27,649][nle.env.base][INFO] - Not saving any NLE data.
[2023-10-29 13:01:27,667][nle.env.base][INFO] - Not saving any NLE data.
[2023-10-29 13:01:27,669][nle.env.base][INFO] - Not saving any NLE data.
[2023-10-29 13:01:27,696][nle.env.base][INFO] - Not saving any NLE data.
[2023-10-29 13:01:27,701][nle.env.base][INFO] - Not saving any NLE data.
[2023-10-29 13:01:27,733][nle.env.base][INFO] - Not saving any NLE data.
[2023-10-29 13:01:27,735][nle.env.base][INFO] - Not saving any NLE data.
[2023-10-29 13:01:27,731][nle.env.base][INFO] - Not saving any NLE data.
[2023-10-29 13:01:27,743][nle.env.base][INFO] - Not saving any NLE data.
[2023-10-29 13:01:27,745][nle.env.base][INFO] - Not saving any NLE data.
[2023-10-29 13:01:27,752][nle.env.base][INFO] - Not saving any NLE data.
[2023-10-29 13:01:27,746][nle.env.base][INFO] - Not saving any NLE data.
[2023-10-29 13:01:27,756][nle.env.base][INFO] - Not saving any NLE data.
[2023-10-29 13:01:27,750][nle.env.base][INFO] - Not saving any NLE data.
[2023-10-29 13:01:27,760][nle.env.base][INFO] - Not saving any NLE data.
[2023-10-29 13:01:27,773][nle.env.base][INFO] - Not saving any NLE data.
[2023-10-29 13:01:27,775][nle.env.base][INFO] - Not saving any NLE data.
[2023-10-29 13:01:27,781][nle.env.base][INFO] - Not saving any NLE data.
[2023-10-29 13:01:27,794][nle.env.base][INFO] - Not saving any NLE data.
[2023-10-29 13:01:27,811][nle.env.base][INFO] - Not saving any NLE data.
[2023-10-29 13:01:27,834][nle.env.base][INFO] - Not saving any NLE data.
[2023-10-29 13:01:27,843][nle.env.base][INFO] - Not saving any NLE data.
[2023-10-29 13:01:27,848][nle.env.base][INFO] - Not saving any NLE data.
[2023-10-29 13:01:27,848][nle.env.base][INFO] - Not saving any NLE data.
[2023-10-29 13:01:27,850][nle.env.base][INFO] - Not saving any NLE data.
[2023-10-29 13:01:27,873][nle.env.base][INFO] - Not saving any NLE data.
[2023-10-29 13:01:27,886][nle.env.base][INFO] - Not saving any NLE data.
[2023-10-29 13:01:27,895][nle.env.base][INFO] - Not saving any NLE data.
[2023-10-29 13:01:27,910][nle.env.base][INFO] - Not saving any NLE data.
[2023-10-29 13:01:27,920][nle.env.base][INFO] - Not saving any NLE data.
[2023-10-29 13:01:27,920][nle.env.base][INFO] - Not saving any NLE data.
[2023-10-29 13:01:27,924][nle.env.base][INFO] - Not saving any NLE data.
[2023-10-29 13:01:27,929][nle.env.base][INFO] - Not saving any NLE data.
[2023-10-29 13:01:27,933][nle.env.base][INFO] - Not saving any NLE data.
[2023-10-29 13:01:27,927][nle.env.base][INFO] - Not saving any NLE data.
[2023-10-29 13:01:27,936][nle.env.base][INFO] - Not saving any NLE data.
[2023-10-29 13:01:27,954][nle.env.base][INFO] - Not saving any NLE data.
[2023-10-29 13:01:27,954][nle.env.base][INFO] - Not saving any NLE data.
[2023-10-29 13:01:29,656][root][INFO] - Step 0 @ 0.0 SPS. Inference batcher size: 98. Learner queue size: 0. Other stats: (train_seconds = 5.0)
[2023-10-29 13:01:34,662][root][INFO] - Step 0 @ 0.0 SPS. Inference batcher size: 148. Learner queue size: 0. Other stats: (train_seconds = 10.0)
[2023-10-29 13:01:39,668][root][INFO] - Step 0 @ 0.0 SPS. Inference batcher size: 146. Learner queue size: 0. Other stats: (train_seconds = 15.0)
[2023-10-29 13:01:44,673][root][INFO] - Step 0 @ 0.0 SPS. Inference batcher size: 81. Learner queue size: 2. Other stats: (train_seconds = 20.0)
[2023-10-29 13:01:49,681][root][INFO] - Step 0 @ 0.0 SPS. Inference batcher size: 49. Learner queue size: 32. Other stats: (train_seconds = 25.0)
[2023-10-29 13:01:54,684][root][INFO] - Step 0 @ 0.0 SPS. Inference batcher size: 28. Learner queue size: 32. Other stats: (train_seconds = 30.0)
[2023-10-29 13:01:59,688][root][INFO] - Saving checkpoint to /workspace/outputs/2023-10-29/13-01-24/mini_skill_wield_0.tar
[2023-10-29 13:01:59,725][root][INFO] - Step 2560 @ 511.6 SPS. Inference batcher size: 34. Learner queue size: 32. Other stats: (train_seconds = 35.0, success_rate = None, step = 2560, mean_episode_return = None, mean_episode_step = 40.5, total_loss = -892.27, entropy_loss = -4.1178, pg_loss = -931.31, baseline_loss = 43.156, learner_queue_size = 32)
[2023-10-29 13:01:59,726][root][INFO] - Learning finished after 2560 steps.
[2023-10-29 13:01:59,727][root][INFO] - Saving checkpoint to /workspace/outputs/2023-10-29/13-01-24/mini_skill_wield.tar
