[2023-10-29 18:44:42,921][root][INFO] - name: null
wandb: false
project: skillhack
entity: your_entity_name
group: default
state_dict_path: none
foc_options_path:
- /workspace/skill_transfer_weights/mini_skill_pick_up.tar
- /workspace/skill_transfer_weights/mini_skill_wear.tar
- /workspace/skill_transfer_weights/mini_skill_eat.tar
foc_options_config_path:
- /workspace/skill_transfer_weights/skill_config.yaml
- /workspace/skill_transfer_weights/skill_config.yaml
- /workspace/skill_transfer_weights/skill_config.yaml
teacher_path: none
teacher_config_path: none
ks_max_lambda: 10
ks_max_time: 20000000.0
ks_min_lambda_prop: 0.1
train_with_all_skills: false
penalty_per_step: 0.01
hks_max_uniform_weight: 1000
hks_min_uniform_prop: 0.05
hks_max_uniform_time: 20000000.0
tasks_json: tasks
mock: false
single_ttyrec: true
num_seeds: 0
write_profiler_trace: false
relative_reward: false
fn_penalty_step: constant
penalty_time: 0.0
penalty_step: -0.001
reward_lose: 0
reward_win: 1
character: null
save_tty: false
mode: train
env: mini_simple_intersection
obs_keys: glyphs,chars,colors,specials,blstats,message
num_actors: 256
total_steps: 100000.0
batch_size: 32
unroll_length: 80
num_learner_threads: 1
num_inference_threads: 1
disable_cuda: false
learner_device: cuda:0
actor_device: cuda:0
max_learner_queue_size: null
model: hks
use_lstm: true
hidden_dim: 256
embedding_dim: 64
glyph_type: all_cat
equalize_input_dim: false
equalize_factor: 2
layers: 5
crop_model: cnn
crop_dim: 9
use_index_select: true
entropy_cost: 0.001
baseline_cost: 0.5
discounting: 0.999
reward_clipping: none
normalize_reward: true
learning_rate: 0.0002
grad_norm_clipping: 40
alpha: 0.99
momentum: 0
epsilon: 1.0e-06
state_counter: none
no_extrinsic: false
int:
  twoheaded: true
  input: full
  intrinsic_weight: 0.1
  discounting: 0.99
  baseline_cost: 0.5
  episodic: true
  reward_clipping: none
  normalize_reward: true
ride:
  count_norm: true
  forward_cost: 1
  inverse_cost: 0.1
  hidden_dim: 128
rnd:
  forward_cost: 0.01
msg:
  model: none
  hidden_dim: 64
  embedding_dim: 32

[2023-10-29 18:44:42,940][root][INFO] - Symlinked log directory: /workspace/latest
[2023-10-29 18:44:42,940][root][INFO] - Creating archive directory: /workspace/outputs/2023-10-29/18-44-42/archives
[2023-10-29 18:44:42,945][root][INFO] - Logging results to /workspace/outputs/2023-10-29/18-44-42
[2023-10-29 18:44:42,990][palaas/out][INFO] - Found log directory: /workspace/outputs/2023-10-29/18-44-42
[2023-10-29 18:44:42,990][palaas/out][INFO] - Saving arguments to /workspace/outputs/2023-10-29/18-44-42/meta.json
[2023-10-29 18:44:42,991][palaas/out][INFO] - Saving messages to /workspace/outputs/2023-10-29/18-44-42/out.log
[2023-10-29 18:44:42,992][palaas/out][INFO] - Saving logs data to /workspace/outputs/2023-10-29/18-44-42/logs.csv
[2023-10-29 18:44:42,992][palaas/out][INFO] - Saving logs' fields to /workspace/outputs/2023-10-29/18-44-42/fields.csv
[2023-10-29 18:44:42,992][root][INFO] - Not using CUDA.
[2023-10-29 18:44:42,999][root][INFO] - Using model hks
[2023-10-29 18:44:43,000][nle.env.base][INFO] - Not saving any NLE data.
[2023-10-29 18:44:43,054][root][INFO] - ('/workspace/skill_transfer_weights/mini_skill_pick_up.tar', '/workspace/skill_transfer_weights/skill_config.yaml')
[2023-10-29 18:44:43,054][root][INFO] - ('/workspace/skill_transfer_weights/mini_skill_wear.tar', '/workspace/skill_transfer_weights/skill_config.yaml')
[2023-10-29 18:44:43,055][root][INFO] - ('/workspace/skill_transfer_weights/mini_skill_eat.tar', '/workspace/skill_transfer_weights/skill_config.yaml')
[2023-10-29 18:44:43,068][nle.env.base][INFO] - Not saving any NLE data.
[2023-10-29 18:44:43,155][nle.env.base][INFO] - Not saving any NLE data.
[2023-10-29 18:44:43,241][nle.env.base][INFO] - Not saving any NLE data.
[2023-10-29 18:44:43,309][root][INFO] - Number of model parameters: 4248915
[2023-10-29 18:44:43,309][nle.env.base][INFO] - Not saving any NLE data.
[2023-10-29 18:44:43,365][root][INFO] - ('/workspace/skill_transfer_weights/mini_skill_pick_up.tar', '/workspace/skill_transfer_weights/skill_config.yaml')
[2023-10-29 18:44:43,365][root][INFO] - ('/workspace/skill_transfer_weights/mini_skill_wear.tar', '/workspace/skill_transfer_weights/skill_config.yaml')
[2023-10-29 18:44:43,366][root][INFO] - ('/workspace/skill_transfer_weights/mini_skill_eat.tar', '/workspace/skill_transfer_weights/skill_config.yaml')
[2023-10-29 18:44:43,382][nle.env.base][INFO] - Not saving any NLE data.
[2023-10-29 18:44:43,469][nle.env.base][INFO] - Not saving any NLE data.
[2023-10-29 18:44:43,555][nle.env.base][INFO] - Not saving any NLE data.
[2023-10-29 18:44:43,976][nle.env.base][INFO] - Not saving any NLE data.
[2023-10-29 18:44:43,975][nle.env.base][INFO] - Not saving any NLE data.
[2023-10-29 18:44:43,976][nle.env.base][INFO] - Not saving any NLE data.
[2023-10-29 18:44:43,976][nle.env.base][INFO] - Not saving any NLE data.
[2023-10-29 18:44:43,976][nle.env.base][INFO] - Not saving any NLE data.
[2023-10-29 18:44:43,981][nle.env.base][INFO] - Not saving any NLE data.
[2023-10-29 18:44:43,982][nle.env.base][INFO] - Not saving any NLE data.
[2023-10-29 18:44:43,982][nle.env.base][INFO] - Not saving any NLE data.
[2023-10-29 18:44:43,983][nle.env.base][INFO] - Not saving any NLE data.
[2023-10-29 18:44:43,982][nle.env.base][INFO] - Not saving any NLE data.
[2023-10-29 18:44:43,984][nle.env.base][INFO] - Not saving any NLE data.
[2023-10-29 18:44:43,982][nle.env.base][INFO] - Not saving any NLE data.
[2023-10-29 18:44:43,988][nle.env.base][INFO] - Not saving any NLE data.
[2023-10-29 18:44:43,988][nle.env.base][INFO] - Not saving any NLE data.
[2023-10-29 18:44:43,988][nle.env.base][INFO] - Not saving any NLE data.
[2023-10-29 18:44:43,991][nle.env.base][INFO] - Not saving any NLE data.
[2023-10-29 18:44:43,991][nle.env.base][INFO] - Not saving any NLE data.
[2023-10-29 18:44:43,997][nle.env.base][INFO] - Not saving any NLE data.
[2023-10-29 18:44:44,000][nle.env.base][INFO] - Not saving any NLE data.
[2023-10-29 18:44:44,000][nle.env.base][INFO] - Not saving any NLE data.
[2023-10-29 18:44:44,000][nle.env.base][INFO] - Not saving any NLE data.
[2023-10-29 18:44:44,001][nle.env.base][INFO] - Not saving any NLE data.
[2023-10-29 18:44:44,001][nle.env.base][INFO] - Not saving any NLE data.
[2023-10-29 18:44:44,002][nle.env.base][INFO] - Not saving any NLE data.
[2023-10-29 18:44:44,000][nle.env.base][INFO] - Not saving any NLE data.
[2023-10-29 18:44:44,001][nle.env.base][INFO] - Not saving any NLE data.
[2023-10-29 18:44:44,002][nle.env.base][INFO] - Not saving any NLE data.
[2023-10-29 18:44:44,001][nle.env.base][INFO] - Not saving any NLE data.
[2023-10-29 18:44:44,004][nle.env.base][INFO] - Not saving any NLE data.
[2023-10-29 18:44:44,006][nle.env.base][INFO] - Not saving any NLE data.
[2023-10-29 18:44:44,009][nle.env.base][INFO] - Not saving any NLE data.
[2023-10-29 18:44:44,009][nle.env.base][INFO] - Not saving any NLE data.
[2023-10-29 18:44:44,009][nle.env.base][INFO] - Not saving any NLE data.
[2023-10-29 18:44:44,011][nle.env.base][INFO] - Not saving any NLE data.
[2023-10-29 18:44:44,012][nle.env.base][INFO] - Not saving any NLE data.
[2023-10-29 18:44:44,012][nle.env.base][INFO] - Not saving any NLE data.
[2023-10-29 18:44:43,985][nle.env.base][INFO] - Not saving any NLE data.
[2023-10-29 18:44:44,023][nle.env.base][INFO] - Not saving any NLE data.
[2023-10-29 18:44:44,025][nle.env.base][INFO] - Not saving any NLE data.
[2023-10-29 18:44:44,027][nle.env.base][INFO] - Not saving any NLE data.
[2023-10-29 18:44:44,027][nle.env.base][INFO] - Not saving any NLE data.
[2023-10-29 18:44:44,027][nle.env.base][INFO] - Not saving any NLE data.
[2023-10-29 18:44:43,997][nle.env.base][INFO] - Not saving any NLE data.
[2023-10-29 18:44:44,018][nle.env.base][INFO] - Not saving any NLE data.
[2023-10-29 18:44:44,040][nle.env.base][INFO] - Not saving any NLE data.
[2023-10-29 18:44:44,038][nle.env.base][INFO] - Not saving any NLE data.
[2023-10-29 18:44:44,018][nle.env.base][INFO] - Not saving any NLE data.
[2023-10-29 18:44:44,019][nle.env.base][INFO] - Not saving any NLE data.
[2023-10-29 18:44:44,023][nle.env.base][INFO] - Not saving any NLE data.
[2023-10-29 18:44:44,023][nle.env.base][INFO] - Not saving any NLE data.
[2023-10-29 18:44:44,023][nle.env.base][INFO] - Not saving any NLE data.
[2023-10-29 18:44:44,020][nle.env.base][INFO] - Not saving any NLE data.
[2023-10-29 18:44:44,028][nle.env.base][INFO] - Not saving any NLE data.
[2023-10-29 18:44:44,028][nle.env.base][INFO] - Not saving any NLE data.
[2023-10-29 18:44:44,030][nle.env.base][INFO] - Not saving any NLE data.
[2023-10-29 18:44:44,030][nle.env.base][INFO] - Not saving any NLE data.
[2023-10-29 18:44:44,028][nle.env.base][INFO] - Not saving any NLE data.
[2023-10-29 18:44:44,038][nle.env.base][INFO] - Not saving any NLE data.
[2023-10-29 18:44:44,038][nle.env.base][INFO] - Not saving any NLE data.
[2023-10-29 18:44:44,033][nle.env.base][INFO] - Not saving any NLE data.
[2023-10-29 18:44:44,061][nle.env.base][INFO] - Not saving any NLE data.
[2023-10-29 18:44:44,036][nle.env.base][INFO] - Not saving any NLE data.
[2023-10-29 18:44:44,039][nle.env.base][INFO] - Not saving any NLE data.
[2023-10-29 18:44:44,027][nle.env.base][INFO] - Not saving any NLE data.
[2023-10-29 18:44:44,018][nle.env.base][INFO] - Not saving any NLE data.
[2023-10-29 18:44:44,030][nle.env.base][INFO] - Not saving any NLE data.
[2023-10-29 18:44:44,073][nle.env.base][INFO] - Not saving any NLE data.
[2023-10-29 18:44:44,073][nle.env.base][INFO] - Not saving any NLE data.
[2023-10-29 18:44:44,073][nle.env.base][INFO] - Not saving any NLE data.
[2023-10-29 18:44:44,073][nle.env.base][INFO] - Not saving any NLE data.
[2023-10-29 18:44:44,074][nle.env.base][INFO] - Not saving any NLE data.
[2023-10-29 18:44:44,074][nle.env.base][INFO] - Not saving any NLE data.
[2023-10-29 18:44:44,074][nle.env.base][INFO] - Not saving any NLE data.
[2023-10-29 18:44:44,074][nle.env.base][INFO] - Not saving any NLE data.
[2023-10-29 18:44:44,074][nle.env.base][INFO] - Not saving any NLE data.
[2023-10-29 18:44:44,077][nle.env.base][INFO] - Not saving any NLE data.
[2023-10-29 18:44:44,077][nle.env.base][INFO] - Not saving any NLE data.
[2023-10-29 18:44:44,077][nle.env.base][INFO] - Not saving any NLE data.
[2023-10-29 18:44:44,077][nle.env.base][INFO] - Not saving any NLE data.
[2023-10-29 18:44:44,080][nle.env.base][INFO] - Not saving any NLE data.
[2023-10-29 18:44:44,080][nle.env.base][INFO] - Not saving any NLE data.
[2023-10-29 18:44:44,081][nle.env.base][INFO] - Not saving any NLE data.
[2023-10-29 18:44:44,081][nle.env.base][INFO] - Not saving any NLE data.
[2023-10-29 18:44:44,081][nle.env.base][INFO] - Not saving any NLE data.
[2023-10-29 18:44:44,081][nle.env.base][INFO] - Not saving any NLE data.
[2023-10-29 18:44:44,084][nle.env.base][INFO] - Not saving any NLE data.
[2023-10-29 18:44:44,085][nle.env.base][INFO] - Not saving any NLE data.
[2023-10-29 18:44:44,088][nle.env.base][INFO] - Not saving any NLE data.
[2023-10-29 18:44:44,088][nle.env.base][INFO] - Not saving any NLE data.
[2023-10-29 18:44:44,089][nle.env.base][INFO] - Not saving any NLE data.
[2023-10-29 18:44:44,105][nle.env.base][INFO] - Not saving any NLE data.
[2023-10-29 18:44:44,090][nle.env.base][INFO] - Not saving any NLE data.
[2023-10-29 18:44:44,102][nle.env.base][INFO] - Not saving any NLE data.
[2023-10-29 18:44:44,105][nle.env.base][INFO] - Not saving any NLE data.
[2023-10-29 18:44:44,093][nle.env.base][INFO] - Not saving any NLE data.
[2023-10-29 18:44:44,110][nle.env.base][INFO] - Not saving any NLE data.
[2023-10-29 18:44:44,093][nle.env.base][INFO] - Not saving any NLE data.
[2023-10-29 18:44:44,095][nle.env.base][INFO] - Not saving any NLE data.
[2023-10-29 18:44:44,121][nle.env.base][INFO] - Not saving any NLE data.
[2023-10-29 18:44:44,096][nle.env.base][INFO] - Not saving any NLE data.
[2023-10-29 18:44:44,098][nle.env.base][INFO] - Not saving any NLE data.
[2023-10-29 18:44:44,099][nle.env.base][INFO] - Not saving any NLE data.
[2023-10-29 18:44:44,098][nle.env.base][INFO] - Not saving any NLE data.
[2023-10-29 18:44:44,134][nle.env.base][INFO] - Not saving any NLE data.
[2023-10-29 18:44:44,100][nle.env.base][INFO] - Not saving any NLE data.
[2023-10-29 18:44:44,091][nle.env.base][INFO] - Not saving any NLE data.
[2023-10-29 18:44:44,086][nle.env.base][INFO] - Not saving any NLE data.
[2023-10-29 18:44:44,096][nle.env.base][INFO] - Not saving any NLE data.
[2023-10-29 18:44:44,103][nle.env.base][INFO] - Not saving any NLE data.
[2023-10-29 18:44:44,098][nle.env.base][INFO] - Not saving any NLE data.
[2023-10-29 18:44:44,081][nle.env.base][INFO] - Not saving any NLE data.
[2023-10-29 18:44:44,149][nle.env.base][INFO] - Not saving any NLE data.
[2023-10-29 18:44:44,169][nle.env.base][INFO] - Not saving any NLE data.
[2023-10-29 18:44:44,211][nle.env.base][INFO] - Not saving any NLE data.
[2023-10-29 18:44:44,213][nle.env.base][INFO] - Not saving any NLE data.
[2023-10-29 18:44:44,216][nle.env.base][INFO] - Not saving any NLE data.
[2023-10-29 18:44:44,217][nle.env.base][INFO] - Not saving any NLE data.
[2023-10-29 18:44:44,218][nle.env.base][INFO] - Not saving any NLE data.
[2023-10-29 18:44:44,225][nle.env.base][INFO] - Not saving any NLE data.
[2023-10-29 18:44:44,230][nle.env.base][INFO] - Not saving any NLE data.
[2023-10-29 18:44:44,246][nle.env.base][INFO] - Not saving any NLE data.
[2023-10-29 18:44:44,249][nle.env.base][INFO] - Not saving any NLE data.
[2023-10-29 18:44:44,264][nle.env.base][INFO] - Not saving any NLE data.
[2023-10-29 18:44:44,277][nle.env.base][INFO] - Not saving any NLE data.
[2023-10-29 18:44:44,277][nle.env.base][INFO] - Not saving any NLE data.
[2023-10-29 18:44:44,281][nle.env.base][INFO] - Not saving any NLE data.
[2023-10-29 18:44:44,285][nle.env.base][INFO] - Not saving any NLE data.
[2023-10-29 18:44:44,289][nle.env.base][INFO] - Not saving any NLE data.
[2023-10-29 18:44:44,293][nle.env.base][INFO] - Not saving any NLE data.
[2023-10-29 18:44:44,293][nle.env.base][INFO] - Not saving any NLE data.
[2023-10-29 18:44:44,297][nle.env.base][INFO] - Not saving any NLE data.
[2023-10-29 18:44:44,309][nle.env.base][INFO] - Not saving any NLE data.
[2023-10-29 18:44:44,309][nle.env.base][INFO] - Not saving any NLE data.
[2023-10-29 18:44:44,313][nle.env.base][INFO] - Not saving any NLE data.
[2023-10-29 18:44:44,313][nle.env.base][INFO] - Not saving any NLE data.
[2023-10-29 18:44:44,313][nle.env.base][INFO] - Not saving any NLE data.
[2023-10-29 18:44:44,317][nle.env.base][INFO] - Not saving any NLE data.
[2023-10-29 18:44:44,316][nle.env.base][INFO] - Not saving any NLE data.
[2023-10-29 18:44:44,316][nle.env.base][INFO] - Not saving any NLE data.
[2023-10-29 18:44:44,317][nle.env.base][INFO] - Not saving any NLE data.
[2023-10-29 18:44:44,319][nle.env.base][INFO] - Not saving any NLE data.
[2023-10-29 18:44:44,319][nle.env.base][INFO] - Not saving any NLE data.
[2023-10-29 18:44:44,329][nle.env.base][INFO] - Not saving any NLE data.
[2023-10-29 18:44:45,073][nle.env.base][INFO] - Not saving any NLE data.
[2023-10-29 18:44:45,060][nle.env.base][INFO] - Not saving any NLE data.
[2023-10-29 18:44:45,073][nle.env.base][INFO] - Not saving any NLE data.
[2023-10-29 18:44:45,060][nle.env.base][INFO] - Not saving any NLE data.
[2023-10-29 18:44:45,063][nle.env.base][INFO] - Not saving any NLE data.
[2023-10-29 18:44:45,063][nle.env.base][INFO] - Not saving any NLE data.
[2023-10-29 18:44:45,063][nle.env.base][INFO] - Not saving any NLE data.
[2023-10-29 18:44:45,065][nle.env.base][INFO] - Not saving any NLE data.
[2023-10-29 18:44:45,063][nle.env.base][INFO] - Not saving any NLE data.
[2023-10-29 18:44:45,066][nle.env.base][INFO] - Not saving any NLE data.
[2023-10-29 18:44:45,066][nle.env.base][INFO] - Not saving any NLE data.
[2023-10-29 18:44:45,087][nle.env.base][INFO] - Not saving any NLE data.
[2023-10-29 18:44:45,065][nle.env.base][INFO] - Not saving any NLE data.
[2023-10-29 18:44:45,087][nle.env.base][INFO] - Not saving any NLE data.
[2023-10-29 18:44:45,069][nle.env.base][INFO] - Not saving any NLE data.
[2023-10-29 18:44:45,071][nle.env.base][INFO] - Not saving any NLE data.
[2023-10-29 18:44:45,071][nle.env.base][INFO] - Not saving any NLE data.
[2023-10-29 18:44:45,072][nle.env.base][INFO] - Not saving any NLE data.
[2023-10-29 18:44:45,072][nle.env.base][INFO] - Not saving any NLE data.
[2023-10-29 18:44:45,073][nle.env.base][INFO] - Not saving any NLE data.
[2023-10-29 18:44:45,074][nle.env.base][INFO] - Not saving any NLE data.
[2023-10-29 18:44:45,076][nle.env.base][INFO] - Not saving any NLE data.
[2023-10-29 18:44:45,090][nle.env.base][INFO] - Not saving any NLE data.
[2023-10-29 18:44:45,092][nle.env.base][INFO] - Not saving any NLE data.
[2023-10-29 18:44:45,094][nle.env.base][INFO] - Not saving any NLE data.
[2023-10-29 18:44:45,085][nle.env.base][INFO] - Not saving any NLE data.
[2023-10-29 18:44:45,158][nle.env.base][INFO] - Not saving any NLE data.
[2023-10-29 18:44:45,159][nle.env.base][INFO] - Not saving any NLE data.
[2023-10-29 18:44:45,159][nle.env.base][INFO] - Not saving any NLE data.
[2023-10-29 18:44:45,162][nle.env.base][INFO] - Not saving any NLE data.
[2023-10-29 18:44:45,164][nle.env.base][INFO] - Not saving any NLE data.
[2023-10-29 18:44:45,165][nle.env.base][INFO] - Not saving any NLE data.
[2023-10-29 18:44:45,188][nle.env.base][INFO] - Not saving any NLE data.
[2023-10-29 18:44:45,188][nle.env.base][INFO] - Not saving any NLE data.
[2023-10-29 18:44:45,188][nle.env.base][INFO] - Not saving any NLE data.
[2023-10-29 18:44:45,204][nle.env.base][INFO] - Not saving any NLE data.
[2023-10-29 18:44:45,210][nle.env.base][INFO] - Not saving any NLE data.
[2023-10-29 18:44:45,218][nle.env.base][INFO] - Not saving any NLE data.
[2023-10-29 18:44:45,218][nle.env.base][INFO] - Not saving any NLE data.
[2023-10-29 18:44:45,218][nle.env.base][INFO] - Not saving any NLE data.
[2023-10-29 18:44:45,221][nle.env.base][INFO] - Not saving any NLE data.
[2023-10-29 18:44:45,222][nle.env.base][INFO] - Not saving any NLE data.
[2023-10-29 18:44:45,225][nle.env.base][INFO] - Not saving any NLE data.
[2023-10-29 18:44:46,353][nle.env.base][INFO] - Not saving any NLE data.
[2023-10-29 18:44:46,380][nle.env.base][INFO] - Not saving any NLE data.
[2023-10-29 18:44:46,382][nle.env.base][INFO] - Not saving any NLE data.
[2023-10-29 18:44:46,394][nle.env.base][INFO] - Not saving any NLE data.
[2023-10-29 18:44:46,440][nle.env.base][INFO] - Not saving any NLE data.
[2023-10-29 18:44:46,461][nle.env.base][INFO] - Not saving any NLE data.
[2023-10-29 18:44:46,468][nle.env.base][INFO] - Not saving any NLE data.
[2023-10-29 18:44:46,472][nle.env.base][INFO] - Not saving any NLE data.
[2023-10-29 18:44:46,478][nle.env.base][INFO] - Not saving any NLE data.
[2023-10-29 18:44:46,482][nle.env.base][INFO] - Not saving any NLE data.
[2023-10-29 18:44:46,518][nle.env.base][INFO] - Not saving any NLE data.
[2023-10-29 18:44:46,531][nle.env.base][INFO] - Not saving any NLE data.
[2023-10-29 18:44:46,531][nle.env.base][INFO] - Not saving any NLE data.
[2023-10-29 18:44:46,540][nle.env.base][INFO] - Not saving any NLE data.
[2023-10-29 18:44:46,549][nle.env.base][INFO] - Not saving any NLE data.
[2023-10-29 18:44:46,552][nle.env.base][INFO] - Not saving any NLE data.
[2023-10-29 18:44:46,563][nle.env.base][INFO] - Not saving any NLE data.
[2023-10-29 18:44:46,565][nle.env.base][INFO] - Not saving any NLE data.
[2023-10-29 18:44:46,578][nle.env.base][INFO] - Not saving any NLE data.
[2023-10-29 18:44:46,586][nle.env.base][INFO] - Not saving any NLE data.
[2023-10-29 18:44:46,603][nle.env.base][INFO] - Not saving any NLE data.
[2023-10-29 18:44:46,620][nle.env.base][INFO] - Not saving any NLE data.
[2023-10-29 18:44:46,621][nle.env.base][INFO] - Not saving any NLE data.
[2023-10-29 18:44:46,632][nle.env.base][INFO] - Not saving any NLE data.
[2023-10-29 18:44:46,661][nle.env.base][INFO] - Not saving any NLE data.
[2023-10-29 18:44:46,666][nle.env.base][INFO] - Not saving any NLE data.
[2023-10-29 18:44:46,680][nle.env.base][INFO] - Not saving any NLE data.
[2023-10-29 18:44:46,686][nle.env.base][INFO] - Not saving any NLE data.
[2023-10-29 18:44:46,727][nle.env.base][INFO] - Not saving any NLE data.
[2023-10-29 18:44:46,733][nle.env.base][INFO] - Not saving any NLE data.
[2023-10-29 18:44:46,734][nle.env.base][INFO] - Not saving any NLE data.
[2023-10-29 18:44:46,746][nle.env.base][INFO] - Not saving any NLE data.
[2023-10-29 18:44:46,752][nle.env.base][INFO] - Not saving any NLE data.
[2023-10-29 18:44:46,758][nle.env.base][INFO] - Not saving any NLE data.
[2023-10-29 18:44:46,758][nle.env.base][INFO] - Not saving any NLE data.
[2023-10-29 18:44:46,767][nle.env.base][INFO] - Not saving any NLE data.
[2023-10-29 18:44:46,773][nle.env.base][INFO] - Not saving any NLE data.
[2023-10-29 18:44:46,777][nle.env.base][INFO] - Not saving any NLE data.
[2023-10-29 18:44:46,781][nle.env.base][INFO] - Not saving any NLE data.
[2023-10-29 18:44:46,812][nle.env.base][INFO] - Not saving any NLE data.
[2023-10-29 18:44:46,819][nle.env.base][INFO] - Not saving any NLE data.
[2023-10-29 18:44:46,821][nle.env.base][INFO] - Not saving any NLE data.
[2023-10-29 18:44:46,826][nle.env.base][INFO] - Not saving any NLE data.
[2023-10-29 18:44:46,845][nle.env.base][INFO] - Not saving any NLE data.
[2023-10-29 18:44:46,857][nle.env.base][INFO] - Not saving any NLE data.
[2023-10-29 18:44:46,864][nle.env.base][INFO] - Not saving any NLE data.
[2023-10-29 18:44:46,865][nle.env.base][INFO] - Not saving any NLE data.
[2023-10-29 18:44:46,866][nle.env.base][INFO] - Not saving any NLE data.
[2023-10-29 18:44:46,866][nle.env.base][INFO] - Not saving any NLE data.
[2023-10-29 18:44:46,866][nle.env.base][INFO] - Not saving any NLE data.
[2023-10-29 18:44:46,902][nle.env.base][INFO] - Not saving any NLE data.
[2023-10-29 18:44:46,905][nle.env.base][INFO] - Not saving any NLE data.
[2023-10-29 18:44:46,905][nle.env.base][INFO] - Not saving any NLE data.
[2023-10-29 18:44:46,912][nle.env.base][INFO] - Not saving any NLE data.
[2023-10-29 18:44:46,919][nle.env.base][INFO] - Not saving any NLE data.
[2023-10-29 18:44:46,921][nle.env.base][INFO] - Not saving any NLE data.
[2023-10-29 18:44:46,925][nle.env.base][INFO] - Not saving any NLE data.
[2023-10-29 18:44:46,929][nle.env.base][INFO] - Not saving any NLE data.
[2023-10-29 18:44:46,935][nle.env.base][INFO] - Not saving any NLE data.
[2023-10-29 18:44:46,938][nle.env.base][INFO] - Not saving any NLE data.
[2023-10-29 18:44:46,946][nle.env.base][INFO] - Not saving any NLE data.
[2023-10-29 18:44:46,953][nle.env.base][INFO] - Not saving any NLE data.
[2023-10-29 18:44:46,994][nle.env.base][INFO] - Not saving any NLE data.
[2023-10-29 18:44:46,992][nle.env.base][INFO] - Not saving any NLE data.
[2023-10-29 18:44:47,001][nle.env.base][INFO] - Not saving any NLE data.
[2023-10-29 18:44:47,045][nle.env.base][INFO] - Not saving any NLE data.
[2023-10-29 18:44:47,082][nle.env.base][INFO] - Not saving any NLE data.
[2023-10-29 18:44:47,117][nle.env.base][INFO] - Not saving any NLE data.
[2023-10-29 18:44:47,132][nle.env.base][INFO] - Not saving any NLE data.
[2023-10-29 18:44:47,138][nle.env.base][INFO] - Not saving any NLE data.
[2023-10-29 18:44:47,812][root][INFO] - Saving checkpoint to /workspace/outputs/2023-10-29/18-44-42/mini_simple_intersection.tar
[2023-10-29 18:44:48,287][root][ERROR] - Exception in actorpool thread!
