[2023-10-28 08:23:14,363][root][INFO] - name: null
wandb: false
project: skillhack
entity: your_entity_name
group: default
state_dict_path: none
foc_options_path: none
foc_options_config_path: none
teacher_path: none
teacher_config_path: none
ks_max_lambda: 10
ks_max_time: 20000000.0
ks_min_lambda_prop: 0.1
train_with_all_skills: false
penalty_per_step: 0.01
hks_max_uniform_weight: 1000
hks_min_uniform_prop: 0.05
hks_max_uniform_time: 20000000.0
tasks_json: tasks
mock: false
single_ttyrec: true
num_seeds: 0
write_profiler_trace: false
relative_reward: false
fn_penalty_step: constant
penalty_time: 0.0
penalty_step: -0.001
reward_lose: 0
reward_win: 1
character: null
save_tty: false
mode: train
env: mini_skill_fight
obs_keys: glyphs,chars,colors,specials,blstats,message
num_actors: 256
total_steps: 100.0
batch_size: 32
unroll_length: 80
num_learner_threads: 1
num_inference_threads: 1
disable_cuda: false
learner_device: cuda:0
actor_device: cuda:0
max_learner_queue_size: null
model: baseline
use_lstm: false
hidden_dim: 256
embedding_dim: 64
glyph_type: all_cat
equalize_input_dim: false
equalize_factor: 2
layers: 5
crop_model: cnn
crop_dim: 9
use_index_select: true
entropy_cost: 0.001
baseline_cost: 0.5
discounting: 0.999
reward_clipping: none
normalize_reward: true
learning_rate: 0.0002
grad_norm_clipping: 40
alpha: 0.99
momentum: 0
epsilon: 1.0e-06
state_counter: none
no_extrinsic: false
int:
  twoheaded: true
  input: full
  intrinsic_weight: 0.1
  discounting: 0.99
  baseline_cost: 0.5
  episodic: true
  reward_clipping: none
  normalize_reward: true
ride:
  count_norm: true
  forward_cost: 1
  inverse_cost: 0.1
  hidden_dim: 128
rnd:
  forward_cost: 0.01
msg:
  model: none
  hidden_dim: 64
  embedding_dim: 32

[2023-10-28 08:23:14,378][root][INFO] - Symlinked log directory: /workspace/latest
[2023-10-28 08:23:14,378][root][INFO] - Creating archive directory: /workspace/outputs/2023-10-28/08-23-14/archives
[2023-10-28 08:23:14,382][root][INFO] - Logging results to /workspace/outputs/2023-10-28/08-23-14
[2023-10-28 08:23:14,425][palaas/out][INFO] - Found log directory: /workspace/outputs/2023-10-28/08-23-14
[2023-10-28 08:23:14,426][palaas/out][INFO] - Saving arguments to /workspace/outputs/2023-10-28/08-23-14/meta.json
[2023-10-28 08:23:14,426][palaas/out][INFO] - Saving messages to /workspace/outputs/2023-10-28/08-23-14/out.log
[2023-10-28 08:23:14,426][palaas/out][INFO] - Saving logs data to /workspace/outputs/2023-10-28/08-23-14/logs.csv
[2023-10-28 08:23:14,426][palaas/out][INFO] - Saving logs' fields to /workspace/outputs/2023-10-28/08-23-14/fields.csv
[2023-10-28 08:23:14,427][root][INFO] - Not using CUDA.
[2023-10-28 08:23:14,435][root][INFO] - Using model baseline
[2023-10-28 08:23:14,461][root][INFO] - Number of model parameters: 3717182
[2023-10-28 08:23:14,491][nle.env.base][INFO] - Not saving any NLE data.
[2023-10-28 08:23:14,491][nle.env.base][INFO] - Not saving any NLE data.
[2023-10-28 08:23:14,492][nle.env.base][INFO] - Not saving any NLE data.
[2023-10-28 08:23:14,492][nle.env.base][INFO] - Not saving any NLE data.
[2023-10-28 08:23:14,491][nle.env.base][INFO] - Not saving any NLE data.
[2023-10-28 08:23:14,493][nle.env.base][INFO] - Not saving any NLE data.
[2023-10-28 08:23:14,493][nle.env.base][INFO] - Not saving any NLE data.
[2023-10-28 08:23:14,499][nle.env.base][INFO] - Not saving any NLE data.
[2023-10-28 08:23:14,499][nle.env.base][INFO] - Not saving any NLE data.
[2023-10-28 08:23:14,499][nle.env.base][INFO] - Not saving any NLE data.
[2023-10-28 08:23:14,500][nle.env.base][INFO] - Not saving any NLE data.
[2023-10-28 08:23:14,500][nle.env.base][INFO] - Not saving any NLE data.
[2023-10-28 08:23:14,505][nle.env.base][INFO] - Not saving any NLE data.
[2023-10-28 08:23:14,506][nle.env.base][INFO] - Not saving any NLE data.
[2023-10-28 08:23:14,513][nle.env.base][INFO] - Not saving any NLE data.
[2023-10-28 08:23:14,519][nle.env.base][INFO] - Not saving any NLE data.
[2023-10-28 08:23:14,519][nle.env.base][INFO] - Not saving any NLE data.
[2023-10-28 08:23:14,529][nle.env.base][INFO] - Not saving any NLE data.
[2023-10-28 08:23:14,587][nle.env.base][INFO] - Not saving any NLE data.
[2023-10-28 08:23:14,587][nle.env.base][INFO] - Not saving any NLE data.
[2023-10-28 08:23:14,587][nle.env.base][INFO] - Not saving any NLE data.
[2023-10-28 08:23:14,587][nle.env.base][INFO] - Not saving any NLE data.
[2023-10-28 08:23:15,497][nle.env.base][INFO] - Not saving any NLE data.
[2023-10-28 08:23:15,503][nle.env.base][INFO] - Not saving any NLE data.
[2023-10-28 08:23:15,500][nle.env.base][INFO] - Not saving any NLE data.
[2023-10-28 08:23:15,504][nle.env.base][INFO] - Not saving any NLE data.
[2023-10-28 08:23:15,504][nle.env.base][INFO] - Not saving any NLE data.
[2023-10-28 08:23:15,504][nle.env.base][INFO] - Not saving any NLE data.
[2023-10-28 08:23:15,504][nle.env.base][INFO] - Not saving any NLE data.
[2023-10-28 08:23:15,497][nle.env.base][INFO] - Not saving any NLE data.
[2023-10-28 08:23:15,509][nle.env.base][INFO] - Not saving any NLE data.
[2023-10-28 08:23:15,499][nle.env.base][INFO] - Not saving any NLE data.
[2023-10-28 08:23:15,509][nle.env.base][INFO] - Not saving any NLE data.
[2023-10-28 08:23:15,497][nle.env.base][INFO] - Not saving any NLE data.
[2023-10-28 08:23:15,511][nle.env.base][INFO] - Not saving any NLE data.
[2023-10-28 08:23:15,497][nle.env.base][INFO] - Not saving any NLE data.
[2023-10-28 08:23:15,499][nle.env.base][INFO] - Not saving any NLE data.
[2023-10-28 08:23:15,523][nle.env.base][INFO] - Not saving any NLE data.
[2023-10-28 08:23:15,523][nle.env.base][INFO] - Not saving any NLE data.
[2023-10-28 08:23:15,524][nle.env.base][INFO] - Not saving any NLE data.
[2023-10-28 08:23:15,524][nle.env.base][INFO] - Not saving any NLE data.
[2023-10-28 08:23:15,499][nle.env.base][INFO] - Not saving any NLE data.
[2023-10-28 08:23:15,499][nle.env.base][INFO] - Not saving any NLE data.
[2023-10-28 08:23:15,529][nle.env.base][INFO] - Not saving any NLE data.
[2023-10-28 08:23:15,529][nle.env.base][INFO] - Not saving any NLE data.
[2023-10-28 08:23:15,500][nle.env.base][INFO] - Not saving any NLE data.
[2023-10-28 08:23:15,522][nle.env.base][INFO] - Not saving any NLE data.
[2023-10-28 08:23:15,532][nle.env.base][INFO] - Not saving any NLE data.
[2023-10-28 08:23:15,499][nle.env.base][INFO] - Not saving any NLE data.
[2023-10-28 08:23:15,497][nle.env.base][INFO] - Not saving any NLE data.
[2023-10-28 08:23:15,497][nle.env.base][INFO] - Not saving any NLE data.
[2023-10-28 08:23:15,534][nle.env.base][INFO] - Not saving any NLE data.
[2023-10-28 08:23:15,500][nle.env.base][INFO] - Not saving any NLE data.
[2023-10-28 08:23:15,500][nle.env.base][INFO] - Not saving any NLE data.
[2023-10-28 08:23:15,500][nle.env.base][INFO] - Not saving any NLE data.
[2023-10-28 08:23:15,557][nle.env.base][INFO] - Not saving any NLE data.
[2023-10-28 08:23:15,557][nle.env.base][INFO] - Not saving any NLE data.
[2023-10-28 08:23:15,500][nle.env.base][INFO] - Not saving any NLE data.
[2023-10-28 08:23:15,561][nle.env.base][INFO] - Not saving any NLE data.
[2023-10-28 08:23:15,500][nle.env.base][INFO] - Not saving any NLE data.
[2023-10-28 08:23:15,501][nle.env.base][INFO] - Not saving any NLE data.
[2023-10-28 08:23:15,501][nle.env.base][INFO] - Not saving any NLE data.
[2023-10-28 08:23:15,501][nle.env.base][INFO] - Not saving any NLE data.
[2023-10-28 08:23:15,502][nle.env.base][INFO] - Not saving any NLE data.
[2023-10-28 08:23:15,577][nle.env.base][INFO] - Not saving any NLE data.
[2023-10-28 08:23:15,502][nle.env.base][INFO] - Not saving any NLE data.
[2023-10-28 08:23:15,502][nle.env.base][INFO] - Not saving any NLE data.
[2023-10-28 08:23:15,502][nle.env.base][INFO] - Not saving any NLE data.
[2023-10-28 08:23:15,503][nle.env.base][INFO] - Not saving any NLE data.
[2023-10-28 08:23:15,546][nle.env.base][INFO] - Not saving any NLE data.
[2023-10-28 08:23:15,503][nle.env.base][INFO] - Not saving any NLE data.
[2023-10-28 08:23:15,509][nle.env.base][INFO] - Not saving any NLE data.
[2023-10-28 08:23:15,509][nle.env.base][INFO] - Not saving any NLE data.
[2023-10-28 08:23:15,513][nle.env.base][INFO] - Not saving any NLE data.
[2023-10-28 08:23:15,514][nle.env.base][INFO] - Not saving any NLE data.
[2023-10-28 08:23:15,517][nle.env.base][INFO] - Not saving any NLE data.
[2023-10-28 08:23:15,517][nle.env.base][INFO] - Not saving any NLE data.
[2023-10-28 08:23:15,518][nle.env.base][INFO] - Not saving any NLE data.
[2023-10-28 08:23:15,518][nle.env.base][INFO] - Not saving any NLE data.
[2023-10-28 08:23:15,519][nle.env.base][INFO] - Not saving any NLE data.
[2023-10-28 08:23:15,519][nle.env.base][INFO] - Not saving any NLE data.
[2023-10-28 08:23:15,519][nle.env.base][INFO] - Not saving any NLE data.
[2023-10-28 08:23:15,520][nle.env.base][INFO] - Not saving any NLE data.
[2023-10-28 08:23:15,519][nle.env.base][INFO] - Not saving any NLE data.
[2023-10-28 08:23:15,499][nle.env.base][INFO] - Not saving any NLE data.
[2023-10-28 08:23:15,519][nle.env.base][INFO] - Not saving any NLE data.
[2023-10-28 08:23:15,520][nle.env.base][INFO] - Not saving any NLE data.
[2023-10-28 08:23:15,522][nle.env.base][INFO] - Not saving any NLE data.
[2023-10-28 08:23:15,522][nle.env.base][INFO] - Not saving any NLE data.
[2023-10-28 08:23:15,532][nle.env.base][INFO] - Not saving any NLE data.
[2023-10-28 08:23:15,521][nle.env.base][INFO] - Not saving any NLE data.
[2023-10-28 08:23:15,521][nle.env.base][INFO] - Not saving any NLE data.
[2023-10-28 08:23:15,520][nle.env.base][INFO] - Not saving any NLE data.
[2023-10-28 08:23:15,520][nle.env.base][INFO] - Not saving any NLE data.
[2023-10-28 08:23:15,671][nle.env.base][INFO] - Not saving any NLE data.
[2023-10-28 08:23:15,678][nle.env.base][INFO] - Not saving any NLE data.
[2023-10-28 08:23:15,688][nle.env.base][INFO] - Not saving any NLE data.
[2023-10-28 08:23:15,697][nle.env.base][INFO] - Not saving any NLE data.
[2023-10-28 08:23:15,697][nle.env.base][INFO] - Not saving any NLE data.
[2023-10-28 08:23:15,700][nle.env.base][INFO] - Not saving any NLE data.
[2023-10-28 08:23:15,705][nle.env.base][INFO] - Not saving any NLE data.
[2023-10-28 08:23:15,709][nle.env.base][INFO] - Not saving any NLE data.
[2023-10-28 08:23:15,727][nle.env.base][INFO] - Not saving any NLE data.
[2023-10-28 08:23:15,740][nle.env.base][INFO] - Not saving any NLE data.
[2023-10-28 08:23:15,753][nle.env.base][INFO] - Not saving any NLE data.
[2023-10-28 08:23:15,765][nle.env.base][INFO] - Not saving any NLE data.
[2023-10-28 08:23:15,773][nle.env.base][INFO] - Not saving any NLE data.
[2023-10-28 08:23:15,774][nle.env.base][INFO] - Not saving any NLE data.
[2023-10-28 08:23:15,776][nle.env.base][INFO] - Not saving any NLE data.
[2023-10-28 08:23:15,780][nle.env.base][INFO] - Not saving any NLE data.
[2023-10-28 08:23:15,780][nle.env.base][INFO] - Not saving any NLE data.
[2023-10-28 08:23:15,773][nle.env.base][INFO] - Not saving any NLE data.
[2023-10-28 08:23:15,789][nle.env.base][INFO] - Not saving any NLE data.
[2023-10-28 08:23:15,789][nle.env.base][INFO] - Not saving any NLE data.
[2023-10-28 08:23:15,789][nle.env.base][INFO] - Not saving any NLE data.
[2023-10-28 08:23:15,793][nle.env.base][INFO] - Not saving any NLE data.
[2023-10-28 08:23:15,796][nle.env.base][INFO] - Not saving any NLE data.
[2023-10-28 08:23:15,796][nle.env.base][INFO] - Not saving any NLE data.
[2023-10-28 08:23:15,800][nle.env.base][INFO] - Not saving any NLE data.
[2023-10-28 08:23:15,805][nle.env.base][INFO] - Not saving any NLE data.
[2023-10-28 08:23:15,805][nle.env.base][INFO] - Not saving any NLE data.
[2023-10-28 08:23:15,805][nle.env.base][INFO] - Not saving any NLE data.
[2023-10-28 08:23:15,806][nle.env.base][INFO] - Not saving any NLE data.
[2023-10-28 08:23:15,807][nle.env.base][INFO] - Not saving any NLE data.
[2023-10-28 08:23:15,817][nle.env.base][INFO] - Not saving any NLE data.
[2023-10-28 08:23:15,820][nle.env.base][INFO] - Not saving any NLE data.
[2023-10-28 08:23:15,829][nle.env.base][INFO] - Not saving any NLE data.
[2023-10-28 08:23:15,829][nle.env.base][INFO] - Not saving any NLE data.
[2023-10-28 08:23:15,837][nle.env.base][INFO] - Not saving any NLE data.
[2023-10-28 08:23:15,837][nle.env.base][INFO] - Not saving any NLE data.
[2023-10-28 08:23:15,837][nle.env.base][INFO] - Not saving any NLE data.
[2023-10-28 08:23:15,841][nle.env.base][INFO] - Not saving any NLE data.
[2023-10-28 08:23:15,845][nle.env.base][INFO] - Not saving any NLE data.
[2023-10-28 08:23:15,848][nle.env.base][INFO] - Not saving any NLE data.
[2023-10-28 08:23:15,853][nle.env.base][INFO] - Not saving any NLE data.
[2023-10-28 08:23:16,822][nle.env.base][INFO] - Not saving any NLE data.
[2023-10-28 08:23:16,841][nle.env.base][INFO] - Not saving any NLE data.
[2023-10-28 08:23:16,850][nle.env.base][INFO] - Not saving any NLE data.
[2023-10-28 08:23:16,849][nle.env.base][INFO] - Not saving any NLE data.
[2023-10-28 08:23:16,855][nle.env.base][INFO] - Not saving any NLE data.
[2023-10-28 08:23:16,866][nle.env.base][INFO] - Not saving any NLE data.
[2023-10-28 08:23:16,866][nle.env.base][INFO] - Not saving any NLE data.
[2023-10-28 08:23:16,867][nle.env.base][INFO] - Not saving any NLE data.
[2023-10-28 08:23:16,873][nle.env.base][INFO] - Not saving any NLE data.
[2023-10-28 08:23:16,874][nle.env.base][INFO] - Not saving any NLE data.
[2023-10-28 08:23:16,877][nle.env.base][INFO] - Not saving any NLE data.
[2023-10-28 08:23:16,883][nle.env.base][INFO] - Not saving any NLE data.
[2023-10-28 08:23:16,888][nle.env.base][INFO] - Not saving any NLE data.
[2023-10-28 08:23:16,888][nle.env.base][INFO] - Not saving any NLE data.
[2023-10-28 08:23:16,896][nle.env.base][INFO] - Not saving any NLE data.
[2023-10-28 08:23:16,897][nle.env.base][INFO] - Not saving any NLE data.
[2023-10-28 08:23:16,911][nle.env.base][INFO] - Not saving any NLE data.
[2023-10-28 08:23:16,917][nle.env.base][INFO] - Not saving any NLE data.
[2023-10-28 08:23:16,917][nle.env.base][INFO] - Not saving any NLE data.
[2023-10-28 08:23:16,919][nle.env.base][INFO] - Not saving any NLE data.
[2023-10-28 08:23:16,925][nle.env.base][INFO] - Not saving any NLE data.
[2023-10-28 08:23:16,929][nle.env.base][INFO] - Not saving any NLE data.
[2023-10-28 08:23:16,929][nle.env.base][INFO] - Not saving any NLE data.
[2023-10-28 08:23:16,938][nle.env.base][INFO] - Not saving any NLE data.
[2023-10-28 08:23:16,945][nle.env.base][INFO] - Not saving any NLE data.
[2023-10-28 08:23:16,950][nle.env.base][INFO] - Not saving any NLE data.
[2023-10-28 08:23:16,954][nle.env.base][INFO] - Not saving any NLE data.
[2023-10-28 08:23:16,956][nle.env.base][INFO] - Not saving any NLE data.
[2023-10-28 08:23:16,961][nle.env.base][INFO] - Not saving any NLE data.
[2023-10-28 08:23:16,961][nle.env.base][INFO] - Not saving any NLE data.
[2023-10-28 08:23:16,964][nle.env.base][INFO] - Not saving any NLE data.
[2023-10-28 08:23:16,969][nle.env.base][INFO] - Not saving any NLE data.
[2023-10-28 08:23:16,969][nle.env.base][INFO] - Not saving any NLE data.
[2023-10-28 08:23:16,976][nle.env.base][INFO] - Not saving any NLE data.
[2023-10-28 08:23:16,975][nle.env.base][INFO] - Not saving any NLE data.
[2023-10-28 08:23:16,982][nle.env.base][INFO] - Not saving any NLE data.
[2023-10-28 08:23:16,982][nle.env.base][INFO] - Not saving any NLE data.
[2023-10-28 08:23:16,983][nle.env.base][INFO] - Not saving any NLE data.
[2023-10-28 08:23:16,989][nle.env.base][INFO] - Not saving any NLE data.
[2023-10-28 08:23:16,987][nle.env.base][INFO] - Not saving any NLE data.
[2023-10-28 08:23:16,991][nle.env.base][INFO] - Not saving any NLE data.
[2023-10-28 08:23:16,993][nle.env.base][INFO] - Not saving any NLE data.
[2023-10-28 08:23:17,009][nle.env.base][INFO] - Not saving any NLE data.
[2023-10-28 08:23:17,011][nle.env.base][INFO] - Not saving any NLE data.
[2023-10-28 08:23:17,015][nle.env.base][INFO] - Not saving any NLE data.
[2023-10-28 08:23:17,015][nle.env.base][INFO] - Not saving any NLE data.
[2023-10-28 08:23:17,021][nle.env.base][INFO] - Not saving any NLE data.
[2023-10-28 08:23:17,029][nle.env.base][INFO] - Not saving any NLE data.
[2023-10-28 08:23:17,033][nle.env.base][INFO] - Not saving any NLE data.
[2023-10-28 08:23:17,054][nle.env.base][INFO] - Not saving any NLE data.
[2023-10-28 08:23:17,056][nle.env.base][INFO] - Not saving any NLE data.
[2023-10-28 08:23:17,068][nle.env.base][INFO] - Not saving any NLE data.
[2023-10-28 08:23:17,070][nle.env.base][INFO] - Not saving any NLE data.
[2023-10-28 08:23:17,071][nle.env.base][INFO] - Not saving any NLE data.
[2023-10-28 08:23:17,086][nle.env.base][INFO] - Not saving any NLE data.
[2023-10-28 08:23:17,089][nle.env.base][INFO] - Not saving any NLE data.
[2023-10-28 08:23:17,093][nle.env.base][INFO] - Not saving any NLE data.
[2023-10-28 08:23:17,097][nle.env.base][INFO] - Not saving any NLE data.
[2023-10-28 08:23:17,104][nle.env.base][INFO] - Not saving any NLE data.
[2023-10-28 08:23:17,108][nle.env.base][INFO] - Not saving any NLE data.
[2023-10-28 08:23:17,112][nle.env.base][INFO] - Not saving any NLE data.
[2023-10-28 08:23:17,112][nle.env.base][INFO] - Not saving any NLE data.
[2023-10-28 08:23:17,136][nle.env.base][INFO] - Not saving any NLE data.
[2023-10-28 08:23:17,140][nle.env.base][INFO] - Not saving any NLE data.
[2023-10-28 08:23:17,146][nle.env.base][INFO] - Not saving any NLE data.
[2023-10-28 08:23:17,150][nle.env.base][INFO] - Not saving any NLE data.
[2023-10-28 08:23:17,150][nle.env.base][INFO] - Not saving any NLE data.
[2023-10-28 08:23:17,167][nle.env.base][INFO] - Not saving any NLE data.
[2023-10-28 08:23:17,183][nle.env.base][INFO] - Not saving any NLE data.
[2023-10-28 08:23:17,186][nle.env.base][INFO] - Not saving any NLE data.
[2023-10-28 08:23:17,193][nle.env.base][INFO] - Not saving any NLE data.
[2023-10-28 08:23:17,205][nle.env.base][INFO] - Not saving any NLE data.
[2023-10-28 08:23:17,215][nle.env.base][INFO] - Not saving any NLE data.
[2023-10-28 08:23:17,240][nle.env.base][INFO] - Not saving any NLE data.
[2023-10-28 08:23:17,241][nle.env.base][INFO] - Not saving any NLE data.
[2023-10-28 08:23:17,241][nle.env.base][INFO] - Not saving any NLE data.
[2023-10-28 08:23:17,241][nle.env.base][INFO] - Not saving any NLE data.
[2023-10-28 08:23:17,241][nle.env.base][INFO] - Not saving any NLE data.
[2023-10-28 08:23:17,246][nle.env.base][INFO] - Not saving any NLE data.
[2023-10-28 08:23:17,248][nle.env.base][INFO] - Not saving any NLE data.
[2023-10-28 08:23:17,253][nle.env.base][INFO] - Not saving any NLE data.
[2023-10-28 08:23:17,256][nle.env.base][INFO] - Not saving any NLE data.
[2023-10-28 08:23:17,261][nle.env.base][INFO] - Not saving any NLE data.
[2023-10-28 08:23:17,261][nle.env.base][INFO] - Not saving any NLE data.
[2023-10-28 08:23:17,270][nle.env.base][INFO] - Not saving any NLE data.
[2023-10-28 08:23:17,270][nle.env.base][INFO] - Not saving any NLE data.
[2023-10-28 08:23:17,280][nle.env.base][INFO] - Not saving any NLE data.
[2023-10-28 08:23:17,282][nle.env.base][INFO] - Not saving any NLE data.
[2023-10-28 08:23:17,303][nle.env.base][INFO] - Not saving any NLE data.
[2023-10-28 08:23:17,304][nle.env.base][INFO] - Not saving any NLE data.
[2023-10-28 08:23:17,313][nle.env.base][INFO] - Not saving any NLE data.
[2023-10-28 08:23:17,313][nle.env.base][INFO] - Not saving any NLE data.
[2023-10-28 08:23:17,321][nle.env.base][INFO] - Not saving any NLE data.
[2023-10-28 08:23:17,324][nle.env.base][INFO] - Not saving any NLE data.
[2023-10-28 08:23:17,325][nle.env.base][INFO] - Not saving any NLE data.
[2023-10-28 08:23:17,329][nle.env.base][INFO] - Not saving any NLE data.
[2023-10-28 08:23:17,329][nle.env.base][INFO] - Not saving any NLE data.
[2023-10-28 08:23:17,329][nle.env.base][INFO] - Not saving any NLE data.
[2023-10-28 08:23:17,330][nle.env.base][INFO] - Not saving any NLE data.
[2023-10-28 08:23:17,335][nle.env.base][INFO] - Not saving any NLE data.
[2023-10-28 08:23:17,347][nle.env.base][INFO] - Not saving any NLE data.
[2023-10-28 08:23:17,363][nle.env.base][INFO] - Not saving any NLE data.
[2023-10-28 08:23:17,370][nle.env.base][INFO] - Not saving any NLE data.
[2023-10-28 08:23:17,377][nle.env.base][INFO] - Not saving any NLE data.
[2023-10-28 08:23:17,386][nle.env.base][INFO] - Not saving any NLE data.
[2023-10-28 08:23:17,386][nle.env.base][INFO] - Not saving any NLE data.
[2023-10-28 08:23:17,392][nle.env.base][INFO] - Not saving any NLE data.
[2023-10-28 08:23:17,396][nle.env.base][INFO] - Not saving any NLE data.
[2023-10-28 08:23:17,408][nle.env.base][INFO] - Not saving any NLE data.
[2023-10-28 08:23:17,415][nle.env.base][INFO] - Not saving any NLE data.
[2023-10-28 08:23:17,414][nle.env.base][INFO] - Not saving any NLE data.
[2023-10-28 08:23:17,425][nle.env.base][INFO] - Not saving any NLE data.
[2023-10-28 08:23:17,428][nle.env.base][INFO] - Not saving any NLE data.
[2023-10-28 08:23:17,437][nle.env.base][INFO] - Not saving any NLE data.
[2023-10-28 08:23:17,437][nle.env.base][INFO] - Not saving any NLE data.
[2023-10-28 08:23:17,452][nle.env.base][INFO] - Not saving any NLE data.
[2023-10-28 08:23:17,456][nle.env.base][INFO] - Not saving any NLE data.
[2023-10-28 08:23:17,462][nle.env.base][INFO] - Not saving any NLE data.
[2023-10-28 08:23:17,471][nle.env.base][INFO] - Not saving any NLE data.
[2023-10-28 08:23:19,303][nle.env.base][INFO] - Not saving any NLE data.
[2023-10-28 08:23:19,322][nle.env.base][INFO] - Not saving any NLE data.
[2023-10-28 08:23:19,492][root][INFO] - Step 0 @ 0.0 SPS. Inference batcher size: 72. Learner queue size: 0. Other stats: (train_seconds = 5.0)
[2023-10-28 08:23:24,495][root][INFO] - Step 0 @ 0.0 SPS. Inference batcher size: 102. Learner queue size: 15. Other stats: (train_seconds = 10.0)
[2023-10-28 08:23:29,500][root][INFO] - Step 0 @ 0.0 SPS. Inference batcher size: 137. Learner queue size: 22. Other stats: (train_seconds = 15.0)
[2023-10-28 08:23:34,504][root][INFO] - Step 0 @ 0.0 SPS. Inference batcher size: 43. Learner queue size: 32. Other stats: (train_seconds = 20.0)
[2023-10-28 08:23:39,507][root][INFO] - Step 0 @ 0.0 SPS. Inference batcher size: 0. Learner queue size: 32. Other stats: (train_seconds = 25.0)
[2023-10-28 08:23:39,780][palaas/out][INFO] - Updated log fields: ['_tick', '_time', 'train_seconds', 'success_rate', 'step', 'mean_episode_return', 'mean_episode_step', 'total_loss', 'entropy_loss', 'pg_loss', 'baseline_loss', 'learner_queue_size']
[2023-10-28 08:23:44,511][root][INFO] - Saving checkpoint to /workspace/outputs/2023-10-28/08-23-14/mini_skill_fight_0.tar
[2023-10-28 08:23:44,546][root][INFO] - Step 2560 @ 511.6 SPS. Inference batcher size: 0. Learner queue size: 32. Other stats: (train_seconds = 30.0, success_rate = 0.68889, step = 2560, mean_episode_return = 0.11924, mean_episode_step = 24.486, total_loss = -522.02, entropy_loss = -4.1172, pg_loss = -921.19, baseline_loss = 403.29, learner_queue_size = 32, _tick = 0, _time = 1.6985e+09)
[2023-10-28 08:23:44,546][root][INFO] - Learning finished after 2560 steps.
[2023-10-28 08:23:44,546][root][INFO] - Saving checkpoint to /workspace/outputs/2023-10-28/08-23-14/mini_skill_fight.tar
