[2023-10-28 08:17:46,221][root][INFO] - name: null
wandb: false
project: skillhack
entity: your_entity_name
group: default
state_dict_path: none
foc_options_path: none
foc_options_config_path: none
teacher_path: none
teacher_config_path: none
ks_max_lambda: 10
ks_max_time: 20000000.0
ks_min_lambda_prop: 0.1
train_with_all_skills: false
penalty_per_step: 0.01
hks_max_uniform_weight: 1000
hks_min_uniform_prop: 0.05
hks_max_uniform_time: 20000000.0
tasks_json: tasks
mock: false
single_ttyrec: true
num_seeds: 0
write_profiler_trace: false
relative_reward: false
fn_penalty_step: constant
penalty_time: 0.0
penalty_step: -0.001
reward_lose: 0
reward_win: 1
character: null
save_tty: false
mode: train
env: mini_skill_fight
obs_keys: glyphs,chars,colors,specials,blstats,message
num_actors: 256
total_steps: 10000000.0
batch_size: 32
unroll_length: 80
num_learner_threads: 1
num_inference_threads: 1
disable_cuda: false
learner_device: cuda:0
actor_device: cuda:0
max_learner_queue_size: null
model: baseline
use_lstm: false
hidden_dim: 256
embedding_dim: 64
glyph_type: all_cat
equalize_input_dim: false
equalize_factor: 2
layers: 5
crop_model: cnn
crop_dim: 9
use_index_select: true
entropy_cost: 0.001
baseline_cost: 0.5
discounting: 0.999
reward_clipping: none
normalize_reward: true
learning_rate: 0.0002
grad_norm_clipping: 40
alpha: 0.99
momentum: 0
epsilon: 1.0e-06
state_counter: none
no_extrinsic: false
int:
  twoheaded: true
  input: full
  intrinsic_weight: 0.1
  discounting: 0.99
  baseline_cost: 0.5
  episodic: true
  reward_clipping: none
  normalize_reward: true
ride:
  count_norm: true
  forward_cost: 1
  inverse_cost: 0.1
  hidden_dim: 128
rnd:
  forward_cost: 0.01
msg:
  model: none
  hidden_dim: 64
  embedding_dim: 32

[2023-10-28 08:17:46,235][root][INFO] - Symlinked log directory: /workspace/latest
[2023-10-28 08:17:46,236][root][INFO] - Creating archive directory: /workspace/outputs/2023-10-28/08-17-46/archives
[2023-10-28 08:17:46,240][root][INFO] - Logging results to /workspace/outputs/2023-10-28/08-17-46
[2023-10-28 08:17:46,279][palaas/out][INFO] - Found log directory: /workspace/outputs/2023-10-28/08-17-46
[2023-10-28 08:17:46,280][palaas/out][INFO] - Saving arguments to /workspace/outputs/2023-10-28/08-17-46/meta.json
[2023-10-28 08:17:46,280][palaas/out][INFO] - Saving messages to /workspace/outputs/2023-10-28/08-17-46/out.log
[2023-10-28 08:17:46,280][palaas/out][INFO] - Saving logs data to /workspace/outputs/2023-10-28/08-17-46/logs.csv
[2023-10-28 08:17:46,280][palaas/out][INFO] - Saving logs' fields to /workspace/outputs/2023-10-28/08-17-46/fields.csv
[2023-10-28 08:17:46,281][root][INFO] - Not using CUDA.
[2023-10-28 08:17:46,287][root][INFO] - Using model baseline
[2023-10-28 08:17:46,311][root][INFO] - Number of model parameters: 3717182
[2023-10-28 08:17:46,514][nle.env.base][INFO] - Not saving any NLE data.
[2023-10-28 08:17:46,514][nle.env.base][INFO] - Not saving any NLE data.
[2023-10-28 08:17:46,515][nle.env.base][INFO] - Not saving any NLE data.
[2023-10-28 08:17:46,514][nle.env.base][INFO] - Not saving any NLE data.
[2023-10-28 08:17:46,516][nle.env.base][INFO] - Not saving any NLE data.
[2023-10-28 08:17:46,516][nle.env.base][INFO] - Not saving any NLE data.
[2023-10-28 08:17:46,516][nle.env.base][INFO] - Not saving any NLE data.
[2023-10-28 08:17:46,521][nle.env.base][INFO] - Not saving any NLE data.
[2023-10-28 08:17:46,525][nle.env.base][INFO] - Not saving any NLE data.
[2023-10-28 08:17:46,525][nle.env.base][INFO] - Not saving any NLE data.
[2023-10-28 08:17:46,525][nle.env.base][INFO] - Not saving any NLE data.
[2023-10-28 08:17:46,525][nle.env.base][INFO] - Not saving any NLE data.
[2023-10-28 08:17:46,525][nle.env.base][INFO] - Not saving any NLE data.
[2023-10-28 08:17:46,528][nle.env.base][INFO] - Not saving any NLE data.
[2023-10-28 08:17:46,528][nle.env.base][INFO] - Not saving any NLE data.
[2023-10-28 08:17:46,527][nle.env.base][INFO] - Not saving any NLE data.
[2023-10-28 08:17:46,528][nle.env.base][INFO] - Not saving any NLE data.
[2023-10-28 08:17:46,534][nle.env.base][INFO] - Not saving any NLE data.
[2023-10-28 08:17:46,534][nle.env.base][INFO] - Not saving any NLE data.
[2023-10-28 08:17:46,534][nle.env.base][INFO] - Not saving any NLE data.
[2023-10-28 08:17:46,560][nle.env.base][INFO] - Not saving any NLE data.
[2023-10-28 08:17:46,560][nle.env.base][INFO] - Not saving any NLE data.
[2023-10-28 08:17:46,560][nle.env.base][INFO] - Not saving any NLE data.
[2023-10-28 08:17:46,560][nle.env.base][INFO] - Not saving any NLE data.
[2023-10-28 08:17:46,561][nle.env.base][INFO] - Not saving any NLE data.
[2023-10-28 08:17:46,561][nle.env.base][INFO] - Not saving any NLE data.
[2023-10-28 08:17:46,561][nle.env.base][INFO] - Not saving any NLE data.
[2023-10-28 08:17:46,565][nle.env.base][INFO] - Not saving any NLE data.
[2023-10-28 08:17:46,567][nle.env.base][INFO] - Not saving any NLE data.
[2023-10-28 08:17:46,565][nle.env.base][INFO] - Not saving any NLE data.
[2023-10-28 08:17:46,573][nle.env.base][INFO] - Not saving any NLE data.
[2023-10-28 08:17:46,573][nle.env.base][INFO] - Not saving any NLE data.
[2023-10-28 08:17:46,573][nle.env.base][INFO] - Not saving any NLE data.
[2023-10-28 08:17:46,576][nle.env.base][INFO] - Not saving any NLE data.
[2023-10-28 08:17:46,573][nle.env.base][INFO] - Not saving any NLE data.
[2023-10-28 08:17:46,576][nle.env.base][INFO] - Not saving any NLE data.
[2023-10-28 08:17:46,577][nle.env.base][INFO] - Not saving any NLE data.
[2023-10-28 08:17:46,576][nle.env.base][INFO] - Not saving any NLE data.
[2023-10-28 08:17:46,573][nle.env.base][INFO] - Not saving any NLE data.
[2023-10-28 08:17:46,573][nle.env.base][INFO] - Not saving any NLE data.
[2023-10-28 08:17:46,575][nle.env.base][INFO] - Not saving any NLE data.
[2023-10-28 08:17:46,578][nle.env.base][INFO] - Not saving any NLE data.
[2023-10-28 08:17:46,575][nle.env.base][INFO] - Not saving any NLE data.
[2023-10-28 08:17:46,579][nle.env.base][INFO] - Not saving any NLE data.
[2023-10-28 08:17:46,579][nle.env.base][INFO] - Not saving any NLE data.
[2023-10-28 08:17:46,579][nle.env.base][INFO] - Not saving any NLE data.
[2023-10-28 08:17:46,579][nle.env.base][INFO] - Not saving any NLE data.
[2023-10-28 08:17:46,581][nle.env.base][INFO] - Not saving any NLE data.
[2023-10-28 08:17:46,581][nle.env.base][INFO] - Not saving any NLE data.
[2023-10-28 08:17:46,581][nle.env.base][INFO] - Not saving any NLE data.
[2023-10-28 08:17:46,581][nle.env.base][INFO] - Not saving any NLE data.
[2023-10-28 08:17:46,582][nle.env.base][INFO] - Not saving any NLE data.
[2023-10-28 08:17:46,584][nle.env.base][INFO] - Not saving any NLE data.
[2023-10-28 08:17:46,584][nle.env.base][INFO] - Not saving any NLE data.
[2023-10-28 08:17:46,588][nle.env.base][INFO] - Not saving any NLE data.
[2023-10-28 08:17:46,587][nle.env.base][INFO] - Not saving any NLE data.
[2023-10-28 08:17:46,587][nle.env.base][INFO] - Not saving any NLE data.
[2023-10-28 08:17:46,614][nle.env.base][INFO] - Not saving any NLE data.
[2023-10-28 08:17:46,614][nle.env.base][INFO] - Not saving any NLE data.
[2023-10-28 08:17:46,621][nle.env.base][INFO] - Not saving any NLE data.
[2023-10-28 08:17:46,629][nle.env.base][INFO] - Not saving any NLE data.
[2023-10-28 08:17:46,686][nle.env.base][INFO] - Not saving any NLE data.
[2023-10-28 08:17:46,686][nle.env.base][INFO] - Not saving any NLE data.
[2023-10-28 08:17:46,741][nle.env.base][INFO] - Not saving any NLE data.
[2023-10-28 08:17:46,741][nle.env.base][INFO] - Not saving any NLE data.
[2023-10-28 08:17:46,745][nle.env.base][INFO] - Not saving any NLE data.
[2023-10-28 08:17:46,801][nle.env.base][INFO] - Not saving any NLE data.
[2023-10-28 08:17:47,514][nle.env.base][INFO] - Not saving any NLE data.
[2023-10-28 08:17:47,514][nle.env.base][INFO] - Not saving any NLE data.
[2023-10-28 08:17:47,514][nle.env.base][INFO] - Not saving any NLE data.
[2023-10-28 08:17:47,516][nle.env.base][INFO] - Not saving any NLE data.
[2023-10-28 08:17:47,516][nle.env.base][INFO] - Not saving any NLE data.
[2023-10-28 08:17:47,514][nle.env.base][INFO] - Not saving any NLE data.
[2023-10-28 08:17:47,516][nle.env.base][INFO] - Not saving any NLE data.
[2023-10-28 08:17:47,519][nle.env.base][INFO] - Not saving any NLE data.
[2023-10-28 08:17:47,514][nle.env.base][INFO] - Not saving any NLE data.
[2023-10-28 08:17:47,516][nle.env.base][INFO] - Not saving any NLE data.
[2023-10-28 08:17:47,525][nle.env.base][INFO] - Not saving any NLE data.
[2023-10-28 08:17:47,525][nle.env.base][INFO] - Not saving any NLE data.
[2023-10-28 08:17:47,529][nle.env.base][INFO] - Not saving any NLE data.
[2023-10-28 08:17:47,529][nle.env.base][INFO] - Not saving any NLE data.
[2023-10-28 08:17:47,533][nle.env.base][INFO] - Not saving any NLE data.
[2023-10-28 08:17:47,537][nle.env.base][INFO] - Not saving any NLE data.
[2023-10-28 08:17:47,560][nle.env.base][INFO] - Not saving any NLE data.
[2023-10-28 08:17:47,560][nle.env.base][INFO] - Not saving any NLE data.
[2023-10-28 08:17:47,573][nle.env.base][INFO] - Not saving any NLE data.
[2023-10-28 08:17:47,614][nle.env.base][INFO] - Not saving any NLE data.
[2023-10-28 08:17:47,647][nle.env.base][INFO] - Not saving any NLE data.
[2023-10-28 08:17:47,648][nle.env.base][INFO] - Not saving any NLE data.
[2023-10-28 08:17:47,648][nle.env.base][INFO] - Not saving any NLE data.
[2023-10-28 08:17:47,649][nle.env.base][INFO] - Not saving any NLE data.
[2023-10-28 08:17:47,649][nle.env.base][INFO] - Not saving any NLE data.
[2023-10-28 08:17:47,649][nle.env.base][INFO] - Not saving any NLE data.
[2023-10-28 08:17:47,645][nle.env.base][INFO] - Not saving any NLE data.
[2023-10-28 08:17:47,645][nle.env.base][INFO] - Not saving any NLE data.
[2023-10-28 08:17:47,653][nle.env.base][INFO] - Not saving any NLE data.
[2023-10-28 08:17:47,646][nle.env.base][INFO] - Not saving any NLE data.
[2023-10-28 08:17:47,646][nle.env.base][INFO] - Not saving any NLE data.
[2023-10-28 08:17:47,656][nle.env.base][INFO] - Not saving any NLE data.
[2023-10-28 08:17:47,656][nle.env.base][INFO] - Not saving any NLE data.
[2023-10-28 08:17:47,646][nle.env.base][INFO] - Not saving any NLE data.
[2023-10-28 08:17:47,647][nle.env.base][INFO] - Not saving any NLE data.
[2023-10-28 08:17:47,646][nle.env.base][INFO] - Not saving any NLE data.
[2023-10-28 08:17:47,647][nle.env.base][INFO] - Not saving any NLE data.
[2023-10-28 08:17:47,647][nle.env.base][INFO] - Not saving any NLE data.
[2023-10-28 08:17:47,645][nle.env.base][INFO] - Not saving any NLE data.
[2023-10-28 08:17:47,684][nle.env.base][INFO] - Not saving any NLE data.
[2023-10-28 08:17:47,684][nle.env.base][INFO] - Not saving any NLE data.
[2023-10-28 08:17:47,690][nle.env.base][INFO] - Not saving any NLE data.
[2023-10-28 08:17:47,690][nle.env.base][INFO] - Not saving any NLE data.
[2023-10-28 08:17:47,690][nle.env.base][INFO] - Not saving any NLE data.
[2023-10-28 08:17:47,690][nle.env.base][INFO] - Not saving any NLE data.
[2023-10-28 08:17:47,694][nle.env.base][INFO] - Not saving any NLE data.
[2023-10-28 08:17:47,697][nle.env.base][INFO] - Not saving any NLE data.
[2023-10-28 08:17:47,700][nle.env.base][INFO] - Not saving any NLE data.
[2023-10-28 08:17:47,694][nle.env.base][INFO] - Not saving any NLE data.
[2023-10-28 08:17:47,697][nle.env.base][INFO] - Not saving any NLE data.
[2023-10-28 08:17:47,699][nle.env.base][INFO] - Not saving any NLE data.
[2023-10-28 08:17:47,692][nle.env.base][INFO] - Not saving any NLE data.
[2023-10-28 08:17:47,705][nle.env.base][INFO] - Not saving any NLE data.
[2023-10-28 08:17:47,698][nle.env.base][INFO] - Not saving any NLE data.
[2023-10-28 08:17:47,708][nle.env.base][INFO] - Not saving any NLE data.
[2023-10-28 08:17:47,708][nle.env.base][INFO] - Not saving any NLE data.
[2023-10-28 08:17:47,708][nle.env.base][INFO] - Not saving any NLE data.
[2023-10-28 08:17:47,710][nle.env.base][INFO] - Not saving any NLE data.
[2023-10-28 08:17:47,713][nle.env.base][INFO] - Not saving any NLE data.
[2023-10-28 08:17:47,690][nle.env.base][INFO] - Not saving any NLE data.
[2023-10-28 08:17:47,717][nle.env.base][INFO] - Not saving any NLE data.
[2023-10-28 08:17:47,718][nle.env.base][INFO] - Not saving any NLE data.
[2023-10-28 08:17:47,708][nle.env.base][INFO] - Not saving any NLE data.
[2023-10-28 08:17:47,721][nle.env.base][INFO] - Not saving any NLE data.
[2023-10-28 08:17:47,722][nle.env.base][INFO] - Not saving any NLE data.
[2023-10-28 08:17:47,725][nle.env.base][INFO] - Not saving any NLE data.
[2023-10-28 08:17:47,725][nle.env.base][INFO] - Not saving any NLE data.
[2023-10-28 08:17:47,728][nle.env.base][INFO] - Not saving any NLE data.
[2023-10-28 08:17:47,726][nle.env.base][INFO] - Not saving any NLE data.
[2023-10-28 08:17:47,728][nle.env.base][INFO] - Not saving any NLE data.
[2023-10-28 08:17:47,728][nle.env.base][INFO] - Not saving any NLE data.
[2023-10-28 08:17:47,732][nle.env.base][INFO] - Not saving any NLE data.
[2023-10-28 08:17:47,738][nle.env.base][INFO] - Not saving any NLE data.
[2023-10-28 08:17:47,737][nle.env.base][INFO] - Not saving any NLE data.
[2023-10-28 08:17:47,741][nle.env.base][INFO] - Not saving any NLE data.
[2023-10-28 08:17:47,741][nle.env.base][INFO] - Not saving any NLE data.
[2023-10-28 08:17:47,744][nle.env.base][INFO] - Not saving any NLE data.
[2023-10-28 08:17:47,745][nle.env.base][INFO] - Not saving any NLE data.
[2023-10-28 08:17:47,746][nle.env.base][INFO] - Not saving any NLE data.
[2023-10-28 08:17:47,747][nle.env.base][INFO] - Not saving any NLE data.
[2023-10-28 08:17:47,754][nle.env.base][INFO] - Not saving any NLE data.
[2023-10-28 08:17:47,757][nle.env.base][INFO] - Not saving any NLE data.
[2023-10-28 08:17:47,753][nle.env.base][INFO] - Not saving any NLE data.
[2023-10-28 08:17:47,775][nle.env.base][INFO] - Not saving any NLE data.
[2023-10-28 08:17:47,785][nle.env.base][INFO] - Not saving any NLE data.
[2023-10-28 08:17:47,789][nle.env.base][INFO] - Not saving any NLE data.
[2023-10-28 08:17:47,793][nle.env.base][INFO] - Not saving any NLE data.
[2023-10-28 08:17:47,793][nle.env.base][INFO] - Not saving any NLE data.
[2023-10-28 08:17:47,797][nle.env.base][INFO] - Not saving any NLE data.
[2023-10-28 08:17:47,797][nle.env.base][INFO] - Not saving any NLE data.
[2023-10-28 08:17:47,801][nle.env.base][INFO] - Not saving any NLE data.
[2023-10-28 08:17:47,801][nle.env.base][INFO] - Not saving any NLE data.
[2023-10-28 08:17:47,801][nle.env.base][INFO] - Not saving any NLE data.
[2023-10-28 08:17:47,805][nle.env.base][INFO] - Not saving any NLE data.
[2023-10-28 08:17:47,859][nle.env.base][INFO] - Not saving any NLE data.
[2023-10-28 08:17:48,999][nle.env.base][INFO] - Not saving any NLE data.
[2023-10-28 08:17:48,999][nle.env.base][INFO] - Not saving any NLE data.
[2023-10-28 08:17:49,004][nle.env.base][INFO] - Not saving any NLE data.
[2023-10-28 08:17:49,004][nle.env.base][INFO] - Not saving any NLE data.
[2023-10-28 08:17:49,022][nle.env.base][INFO] - Not saving any NLE data.
[2023-10-28 08:17:49,025][nle.env.base][INFO] - Not saving any NLE data.
[2023-10-28 08:17:49,033][nle.env.base][INFO] - Not saving any NLE data.
[2023-10-28 08:17:49,038][nle.env.base][INFO] - Not saving any NLE data.
[2023-10-28 08:17:49,042][nle.env.base][INFO] - Not saving any NLE data.
[2023-10-28 08:17:49,048][nle.env.base][INFO] - Not saving any NLE data.
[2023-10-28 08:17:49,058][nle.env.base][INFO] - Not saving any NLE data.
[2023-10-28 08:17:49,076][nle.env.base][INFO] - Not saving any NLE data.
[2023-10-28 08:17:49,087][nle.env.base][INFO] - Not saving any NLE data.
[2023-10-28 08:17:49,107][nle.env.base][INFO] - Not saving any NLE data.
[2023-10-28 08:17:49,108][nle.env.base][INFO] - Not saving any NLE data.
[2023-10-28 08:17:49,114][nle.env.base][INFO] - Not saving any NLE data.
[2023-10-28 08:17:49,115][nle.env.base][INFO] - Not saving any NLE data.
[2023-10-28 08:17:49,127][nle.env.base][INFO] - Not saving any NLE data.
[2023-10-28 08:17:49,128][nle.env.base][INFO] - Not saving any NLE data.
[2023-10-28 08:17:49,138][nle.env.base][INFO] - Not saving any NLE data.
[2023-10-28 08:17:49,138][nle.env.base][INFO] - Not saving any NLE data.
[2023-10-28 08:17:49,142][nle.env.base][INFO] - Not saving any NLE data.
[2023-10-28 08:17:49,149][nle.env.base][INFO] - Not saving any NLE data.
[2023-10-28 08:17:49,149][nle.env.base][INFO] - Not saving any NLE data.
[2023-10-28 08:17:49,167][nle.env.base][INFO] - Not saving any NLE data.
[2023-10-28 08:17:49,178][nle.env.base][INFO] - Not saving any NLE data.
[2023-10-28 08:17:49,182][nle.env.base][INFO] - Not saving any NLE data.
[2023-10-28 08:17:49,187][nle.env.base][INFO] - Not saving any NLE data.
[2023-10-28 08:17:49,191][nle.env.base][INFO] - Not saving any NLE data.
[2023-10-28 08:17:49,194][nle.env.base][INFO] - Not saving any NLE data.
[2023-10-28 08:17:49,200][nle.env.base][INFO] - Not saving any NLE data.
[2023-10-28 08:17:49,209][nle.env.base][INFO] - Not saving any NLE data.
[2023-10-28 08:17:49,219][nle.env.base][INFO] - Not saving any NLE data.
[2023-10-28 08:17:49,219][nle.env.base][INFO] - Not saving any NLE data.
[2023-10-28 08:17:49,225][nle.env.base][INFO] - Not saving any NLE data.
[2023-10-28 08:17:49,221][nle.env.base][INFO] - Not saving any NLE data.
[2023-10-28 08:17:49,252][nle.env.base][INFO] - Not saving any NLE data.
[2023-10-28 08:17:49,256][nle.env.base][INFO] - Not saving any NLE data.
[2023-10-28 08:17:49,259][nle.env.base][INFO] - Not saving any NLE data.
[2023-10-28 08:17:49,280][nle.env.base][INFO] - Not saving any NLE data.
[2023-10-28 08:17:49,280][nle.env.base][INFO] - Not saving any NLE data.
[2023-10-28 08:17:49,284][nle.env.base][INFO] - Not saving any NLE data.
[2023-10-28 08:17:49,303][nle.env.base][INFO] - Not saving any NLE data.
[2023-10-28 08:17:49,305][nle.env.base][INFO] - Not saving any NLE data.
[2023-10-28 08:17:49,315][nle.env.base][INFO] - Not saving any NLE data.
[2023-10-28 08:17:49,327][nle.env.base][INFO] - Not saving any NLE data.
[2023-10-28 08:17:49,330][nle.env.base][INFO] - Not saving any NLE data.
[2023-10-28 08:17:49,334][nle.env.base][INFO] - Not saving any NLE data.
[2023-10-28 08:17:49,343][nle.env.base][INFO] - Not saving any NLE data.
[2023-10-28 08:17:49,344][nle.env.base][INFO] - Not saving any NLE data.
[2023-10-28 08:17:49,351][nle.env.base][INFO] - Not saving any NLE data.
[2023-10-28 08:17:49,357][nle.env.base][INFO] - Not saving any NLE data.
[2023-10-28 08:17:49,358][nle.env.base][INFO] - Not saving any NLE data.
[2023-10-28 08:17:49,371][nle.env.base][INFO] - Not saving any NLE data.
[2023-10-28 08:17:49,372][nle.env.base][INFO] - Not saving any NLE data.
[2023-10-28 08:17:49,377][nle.env.base][INFO] - Not saving any NLE data.
[2023-10-28 08:17:49,378][nle.env.base][INFO] - Not saving any NLE data.
[2023-10-28 08:17:49,379][nle.env.base][INFO] - Not saving any NLE data.
[2023-10-28 08:17:49,385][nle.env.base][INFO] - Not saving any NLE data.
[2023-10-28 08:17:49,389][nle.env.base][INFO] - Not saving any NLE data.
[2023-10-28 08:17:49,394][nle.env.base][INFO] - Not saving any NLE data.
[2023-10-28 08:17:49,394][nle.env.base][INFO] - Not saving any NLE data.
[2023-10-28 08:17:49,405][nle.env.base][INFO] - Not saving any NLE data.
[2023-10-28 08:17:49,406][nle.env.base][INFO] - Not saving any NLE data.
[2023-10-28 08:17:49,409][nle.env.base][INFO] - Not saving any NLE data.
[2023-10-28 08:17:49,417][nle.env.base][INFO] - Not saving any NLE data.
[2023-10-28 08:17:49,421][nle.env.base][INFO] - Not saving any NLE data.
[2023-10-28 08:17:49,421][nle.env.base][INFO] - Not saving any NLE data.
[2023-10-28 08:17:49,429][nle.env.base][INFO] - Not saving any NLE data.
[2023-10-28 08:17:49,434][nle.env.base][INFO] - Not saving any NLE data.
[2023-10-28 08:17:49,434][nle.env.base][INFO] - Not saving any NLE data.
[2023-10-28 08:17:49,437][nle.env.base][INFO] - Not saving any NLE data.
[2023-10-28 08:17:49,456][nle.env.base][INFO] - Not saving any NLE data.
[2023-10-28 08:17:49,462][nle.env.base][INFO] - Not saving any NLE data.
[2023-10-28 08:17:49,466][nle.env.base][INFO] - Not saving any NLE data.
[2023-10-28 08:17:49,468][nle.env.base][INFO] - Not saving any NLE data.
[2023-10-28 08:17:49,468][nle.env.base][INFO] - Not saving any NLE data.
[2023-10-28 08:17:49,471][nle.env.base][INFO] - Not saving any NLE data.
[2023-10-28 08:17:49,472][nle.env.base][INFO] - Not saving any NLE data.
[2023-10-28 08:17:49,477][nle.env.base][INFO] - Not saving any NLE data.
[2023-10-28 08:17:49,489][nle.env.base][INFO] - Not saving any NLE data.
[2023-10-28 08:17:49,491][nle.env.base][INFO] - Not saving any NLE data.
[2023-10-28 08:17:49,493][nle.env.base][INFO] - Not saving any NLE data.
[2023-10-28 08:17:49,501][nle.env.base][INFO] - Not saving any NLE data.
[2023-10-28 08:17:49,518][nle.env.base][INFO] - Not saving any NLE data.
[2023-10-28 08:17:49,525][nle.env.base][INFO] - Not saving any NLE data.
[2023-10-28 08:17:49,542][nle.env.base][INFO] - Not saving any NLE data.
[2023-10-28 08:17:49,555][nle.env.base][INFO] - Not saving any NLE data.
[2023-10-28 08:17:49,560][nle.env.base][INFO] - Not saving any NLE data.
[2023-10-28 08:17:49,565][nle.env.base][INFO] - Not saving any NLE data.
[2023-10-28 08:17:49,567][nle.env.base][INFO] - Not saving any NLE data.
[2023-10-28 08:17:49,587][nle.env.base][INFO] - Not saving any NLE data.
[2023-10-28 08:17:49,603][nle.env.base][INFO] - Not saving any NLE data.
[2023-10-28 08:17:49,609][nle.env.base][INFO] - Not saving any NLE data.
[2023-10-28 08:17:51,522][root][INFO] - Step 0 @ 0.0 SPS. Inference batcher size: 63. Learner queue size: 0. Other stats: (train_seconds = 5.0)
[2023-10-28 08:17:56,524][root][INFO] - Step 0 @ 0.0 SPS. Inference batcher size: 128. Learner queue size: 0. Other stats: (train_seconds = 10.0)
[2023-10-28 08:18:01,528][root][INFO] - Step 0 @ 0.0 SPS. Inference batcher size: 78. Learner queue size: 4. Other stats: (train_seconds = 15.0)
[2023-10-28 08:18:06,531][root][INFO] - Step 0 @ 0.0 SPS. Inference batcher size: 49. Learner queue size: 32. Other stats: (train_seconds = 20.0)
[2023-10-28 08:18:09,953][palaas/out][INFO] - Updated log fields: ['_tick', '_time', 'train_seconds', 'success_rate', 'step', 'mean_episode_return', 'mean_episode_step', 'total_loss', 'entropy_loss', 'pg_loss', 'baseline_loss', 'learner_queue_size']
[2023-10-28 08:18:11,542][root][INFO] - Saving checkpoint to /workspace/outputs/2023-10-28/08-17-46/mini_skill_fight_0.tar
[2023-10-28 08:18:11,608][root][INFO] - Step 2560 @ 511.6 SPS. Inference batcher size: 26. Learner queue size: 32. Other stats: (train_seconds = 25.0, success_rate = 0.64286, step = 2560, mean_episode_return = -0.073809, mean_episode_step = 25.639, total_loss = -434.26, entropy_loss = -4.1172, pg_loss = -750.32, baseline_loss = 320.18, learner_queue_size = 32, _tick = 0, _time = 1.6985e+09)
[2023-10-28 08:18:16,611][root][INFO] - Step 2560 @ 0.0 SPS. Inference batcher size: 0. Learner queue size: 32. Other stats: (train_seconds = 30.1, success_rate = 0.64286, step = 2560, mean_episode_return = -0.073809, mean_episode_step = 25.639, total_loss = -434.26, entropy_loss = -4.1172, pg_loss = -750.32, baseline_loss = 320.18, learner_queue_size = 32, _tick = 0, _time = 1.6985e+09)
[2023-10-28 08:18:21,498][root][INFO] - Saving checkpoint to /workspace/outputs/2023-10-28/08-17-46/mini_skill_fight.tar
